# JRE version: OpenJDK Runtime Environment (8.0_152-b01) (build 1.8.0_152-release-1343-b01)
# Java VM: OpenJDK 64-Bit Server VM (25.152-b01 mixed mode windows-amd64 compressed oops)
Heap:
 PSYoungGen      total 140288K, used 18702K [0x00000000e0000000, 0x00000000ea300000, 0x0000000100000000)
  eden space 126464K, 3% used [0x00000000e0000000,0x00000000e04c5508,0x00000000e7b80000)
  from space 13824K, 99% used [0x00000000e8b00000,0x00000000e987e630,0x00000000e9880000)
  to   space 15872K, 0% used [0x00000000e7b80000,0x00000000e7b80000,0x00000000e8b00000)
 ParOldGen       total 64000K, used 26728K [0x00000000a0000000, 0x00000000a3e80000, 0x00000000e0000000)
  object space 64000K, 41% used [0x00000000a0000000,0x00000000a1a1a1d0,0x00000000a3e80000)
 Metaspace       used 55270K, capacity 57048K, committed 57216K, reserved 1097728K
  class space    used 7563K, capacity 8037K, committed 8064K, reserved 1048576K
GC Heap History (10 events):
Event: 3.962 GC heap before
{Heap before GC invocations=10 (full 1):
 PSYoungGen      total 91136K, used 33401K [0x00000000e0000000, 0x00000000e7280000, 0x0000000100000000)
  eden space 80384K, 29% used [0x00000000e0000000,0x00000000e16e9ea0,0x00000000e4e80000)
  from space 10752K, 92% used [0x00000000e5a00000,0x00000000e63b47d8,0x00000000e6480000)
  to   space 11776K, 0% used [0x00000000e4e80000,0x00000000e4e80000,0x00000000e5a00000)
 ParOldGen       total 64000K, used 9944K [0x00000000a0000000, 0x00000000a3e80000, 0x00000000e0000000)
  object space 64000K, 15% used [0x00000000a0000000,0x00000000a09b6288,0x00000000a3e80000)
 Metaspace       used 34580K, capacity 35302K, committed 35416K, reserved 1079296K
  class space    used 4827K, capacity 5099K, committed 5120K, reserved 1048576K
Event: 3.970 GC heap after
Heap after GC invocations=10 (full 1):
 PSYoungGen      total 92160K, used 8432K [0x00000000e0000000, 0x00000000e8280000, 0x0000000100000000)
  eden space 80384K, 0% used [0x00000000e0000000,0x00000000e0000000,0x00000000e4e80000)
  from space 11776K, 71% used [0x00000000e4e80000,0x00000000e56bc3f0,0x00000000e5a00000)
  to   space 11776K, 0% used [0x00000000e7700000,0x00000000e7700000,0x00000000e8280000)
 ParOldGen       total 64000K, used 11824K [0x00000000a0000000, 0x00000000a3e80000, 0x00000000e0000000)
  object space 64000K, 18% used [0x00000000a0000000,0x00000000a0b8c2d8,0x00000000a3e80000)
 Metaspace       used 34580K, capacity 35302K, committed 35416K, reserved 1079296K
  class space    used 4827K, capacity 5099K, committed 5120K, reserved 1048576K
}
Event: 3.970 GC heap before
{Heap before GC invocations=11 (full 2):
 PSYoungGen      total 92160K, used 8432K [0x00000000e0000000, 0x00000000e8280000, 0x0000000100000000)
  eden space 80384K, 0% used [0x00000000e0000000,0x00000000e0000000,0x00000000e4e80000)
  from space 11776K, 71% used [0x00000000e4e80000,0x00000000e56bc3f0,0x00000000e5a00000)
  to   space 11776K, 0% used [0x00000000e7700000,0x00000000e7700000,0x00000000e8280000)
 ParOldGen       total 64000K, used 11824K [0x00000000a0000000, 0x00000000a3e80000, 0x00000000e0000000)
  object space 64000K, 18% used [0x00000000a0000000,0x00000000a0b8c2d8,0x00000000a3e80000)
 Metaspace       used 34580K, capacity 35302K, committed 35416K, reserved 1079296K
  class space    used 4827K, capacity 5099K, committed 5120K, reserved 1048576K
Event: 4.023 GC heap after
Heap after GC invocations=11 (full 2):
 PSYoungGen      total 92160K, used 0K [0x00000000e0000000, 0x00000000e8280000, 0x0000000100000000)
  eden space 80384K, 0% used [0x00000000e0000000,0x00000000e0000000,0x00000000e4e80000)
  from space 11776K, 0% used [0x00000000e4e80000,0x00000000e4e80000,0x00000000e5a00000)
  to   space 11776K, 0% used [0x00000000e7700000,0x00000000e7700000,0x00000000e8280000)
 ParOldGen       total 64000K, used 17297K [0x00000000a0000000, 0x00000000a3e80000, 0x00000000e0000000)
  object space 64000K, 27% used [0x00000000a0000000,0x00000000a10e4630,0x00000000a3e80000)
 Metaspace       used 34580K, capacity 35302K, committed 35416K, reserved 1079296K
  class space    used 4827K, capacity 5099K, committed 5120K, reserved 1048576K
}
Event: 4.666 GC heap before
{Heap before GC invocations=12 (full 2):
 PSYoungGen      total 92160K, used 80384K [0x00000000e0000000, 0x00000000e8280000, 0x0000000100000000)
  eden space 80384K, 100% used [0x00000000e0000000,0x00000000e4e80000,0x00000000e4e80000)
  from space 11776K, 0% used [0x00000000e4e80000,0x00000000e4e80000,0x00000000e5a00000)
  to   space 11776K, 0% used [0x00000000e7700000,0x00000000e7700000,0x00000000e8280000)
 ParOldGen       total 64000K, used 17297K [0x00000000a0000000, 0x00000000a3e80000, 0x00000000e0000000)
  object space 64000K, 27% used [0x00000000a0000000,0x00000000a10e4630,0x00000000a3e80000)
 Metaspace       used 41908K, capacity 42844K, committed 43136K, reserved 1087488K
  class space    used 5681K, capacity 6002K, committed 6016K, reserved 1048576K
Event: 4.678 GC heap after
Heap after GC invocations=12 (full 2):
 PSYoungGen      total 113664K, used 11747K [0x00000000e0000000, 0x00000000e8280000, 0x0000000100000000)
  eden space 101888K, 0% used [0x00000000e0000000,0x00000000e0000000,0x00000000e6380000)
  from space 11776K, 99% used [0x00000000e7700000,0x00000000e8278cf8,0x00000000e8280000)
  to   space 13312K, 0% used [0x00000000e6880000,0x00000000e6880000,0x00000000e7580000)
 ParOldGen       total 64000K, used 18046K [0x00000000a0000000, 0x00000000a3e80000, 0x00000000e0000000)
  object space 64000K, 28% used [0x00000000a0000000,0x00000000a119f898,0x00000000a3e80000)
 Metaspace       used 41908K, capacity 42844K, committed 43136K, reserved 1087488K
  class space    used 5681K, capacity 6002K, committed 6016K, reserved 1048576K
}
Event: 5.522 GC heap before
{Heap before GC invocations=13 (full 2):
 PSYoungGen      total 113664K, used 113635K [0x00000000e0000000, 0x00000000e8280000, 0x0000000100000000)
  eden space 101888K, 100% used [0x00000000e0000000,0x00000000e6380000,0x00000000e6380000)
  from space 11776K, 99% used [0x00000000e7700000,0x00000000e8278cf8,0x00000000e8280000)
  to   space 13312K, 0% used [0x00000000e6880000,0x00000000e6880000,0x00000000e7580000)
 ParOldGen       total 64000K, used 18046K [0x00000000a0000000, 0x00000000a3e80000, 0x00000000e0000000)
  object space 64000K, 28% used [0x00000000a0000000,0x00000000a119f898,0x00000000a3e80000)
 Metaspace       used 49110K, capacity 50196K, committed 50304K, reserved 1093632K
  class space    used 6647K, capacity 7002K, committed 7040K, reserved 1048576K
Event: 5.534 GC heap after
Heap after GC invocations=13 (full 2):
 PSYoungGen      total 120320K, used 9938K [0x00000000e0000000, 0x00000000e9880000, 0x0000000100000000)
  eden space 107008K, 0% used [0x00000000e0000000,0x00000000e0000000,0x00000000e6880000)
  from space 13312K, 74% used [0x00000000e6880000,0x00000000e7234b70,0x00000000e7580000)
  to   space 13824K, 0% used [0x00000000e8b00000,0x00000000e8b00000,0x00000000e9880000)
 ParOldGen       total 64000K, used 25131K [0x00000000a0000000, 0x00000000a3e80000, 0x00000000e0000000)
  object space 64000K, 39% used [0x00000000a0000000,0x00000000a188afd0,0x00000000a3e80000)
 Metaspace       used 49110K, capacity 50196K, committed 50304K, reserved 1093632K
  class space    used 6647K, capacity 7002K, committed 7040K, reserved 1048576K
}
Event: 6.413 GC heap before
{Heap before GC invocations=14 (full 2):
 PSYoungGen      total 120320K, used 116946K [0x00000000e0000000, 0x00000000e9880000, 0x0000000100000000)
  eden space 107008K, 100% used [0x00000000e0000000,0x00000000e6880000,0x00000000e6880000)
  from space 13312K, 74% used [0x00000000e6880000,0x00000000e7234b70,0x00000000e7580000)
  to   space 13824K, 0% used [0x00000000e8b00000,0x00000000e8b00000,0x00000000e9880000)
 ParOldGen       total 64000K, used 25131K [0x00000000a0000000, 0x00000000a3e80000, 0x00000000e0000000)
  object space 64000K, 39% used [0x00000000a0000000,0x00000000a188afd0,0x00000000a3e80000)
 Metaspace       used 55106K, capacity 56866K, committed 56960K, reserved 1097728K
  class space    used 7537K, capacity 7999K, committed 8064K, reserved 1048576K
Event: 6.429 GC heap after
Heap after GC invocations=14 (full 2):
 PSYoungGen      total 140288K, used 13817K [0x00000000e0000000, 0x00000000ea300000, 0x0000000100000000)
  eden space 126464K, 0% used [0x00000000e0000000,0x00000000e0000000,0x00000000e7b80000)
  from space 13824K, 99% used [0x00000000e8b00000,0x00000000e987e630,0x00000000e9880000)
  to   space 15872K, 0% used [0x00000000e7b80000,0x00000000e7b80000,0x00000000e8b00000)
 ParOldGen       total 64000K, used 26728K [0x00000000a0000000, 0x00000000a3e80000, 0x00000000e0000000)
  object space 64000K, 41% used [0x00000000a0000000,0x00000000a1a1a1d0,0x00000000a3e80000)
 Metaspace       used 55106K, capacity 56866K, committed 56960K, reserved 1097728K
  class space    used 7537K, capacity 7999K, committed 8064K, reserved 1048576K
}

