# JRE version: OpenJDK Runtime Environment (8.0_152-b01) (build 1.8.0_152-release-1343-b01)
# Java VM: OpenJDK 64-Bit Server VM (25.152-b01 mixed mode windows-amd64 compressed oops)
Heap:
 PSYoungGen      total 140800K, used 52994K [0x00000000e0000000, 0x00000000e9d80000, 0x0000000100000000)
  eden space 125440K, 42% used [0x00000000e0000000,0x00000000e33c0878,0x00000000e7a80000)
  from space 15360K, 0% used [0x00000000e7a80000,0x00000000e7a80000,0x00000000e8980000)
  to   space 13824K, 0% used [0x00000000e8980000,0x00000000e8980000,0x00000000e9700000)
 ParOldGen       total 97792K, used 39443K [0x00000000a0000000, 0x00000000a5f80000, 0x00000000e0000000)
  object space 97792K, 40% used [0x00000000a0000000,0x00000000a2684e90,0x00000000a5f80000)
 Metaspace       used 58061K, capacity 60138K, committed 60288K, reserved 1101824K
  class space    used 7973K, capacity 8558K, committed 8576K, reserved 1048576K
GC Heap History (10 events):
Event: 4.677 GC heap before
{Heap before GC invocations=12 (full 2):
 PSYoungGen      total 89600K, used 77824K [0x00000000e0000000, 0x00000000e7e80000, 0x0000000100000000)
  eden space 77824K, 100% used [0x00000000e0000000,0x00000000e4c00000,0x00000000e4c00000)
  from space 11776K, 0% used [0x00000000e4c00000,0x00000000e4c00000,0x00000000e5780000)
  to   space 11776K, 0% used [0x00000000e7300000,0x00000000e7300000,0x00000000e7e80000)
 ParOldGen       total 97792K, used 17291K [0x00000000a0000000, 0x00000000a5f80000, 0x00000000e0000000)
  object space 97792K, 17% used [0x00000000a0000000,0x00000000a10e2d00,0x00000000a5f80000)
 Metaspace       used 41878K, capacity 42838K, committed 43136K, reserved 1087488K
  class space    used 5679K, capacity 6000K, committed 6016K, reserved 1048576K
Event: 4.688 GC heap after
Heap after GC invocations=12 (full 2):
 PSYoungGen      total 111616K, used 11762K [0x00000000e0000000, 0x00000000e7e80000, 0x0000000100000000)
  eden space 99840K, 0% used [0x00000000e0000000,0x00000000e0000000,0x00000000e6180000)
  from space 11776K, 99% used [0x00000000e7300000,0x00000000e7e7cb50,0x00000000e7e80000)
  to   space 13312K, 0% used [0x00000000e6480000,0x00000000e6480000,0x00000000e7180000)
 ParOldGen       total 97792K, used 17688K [0x00000000a0000000, 0x00000000a5f80000, 0x00000000e0000000)
  object space 97792K, 18% used [0x00000000a0000000,0x00000000a1146000,0x00000000a5f80000)
 Metaspace       used 41878K, capacity 42838K, committed 43136K, reserved 1087488K
  class space    used 5679K, capacity 6000K, committed 6016K, reserved 1048576K
}
Event: 5.535 GC heap before
{Heap before GC invocations=13 (full 2):
 PSYoungGen      total 111616K, used 111602K [0x00000000e0000000, 0x00000000e7e80000, 0x0000000100000000)
  eden space 99840K, 100% used [0x00000000e0000000,0x00000000e6180000,0x00000000e6180000)
  from space 11776K, 99% used [0x00000000e7300000,0x00000000e7e7cb50,0x00000000e7e80000)
  to   space 13312K, 0% used [0x00000000e6480000,0x00000000e6480000,0x00000000e7180000)
 ParOldGen       total 97792K, used 17688K [0x00000000a0000000, 0x00000000a5f80000, 0x00000000e0000000)
  object space 97792K, 18% used [0x00000000a0000000,0x00000000a1146000,0x00000000a5f80000)
 Metaspace       used 49052K, capacity 50132K, committed 50304K, reserved 1093632K
  class space    used 6647K, capacity 7002K, committed 7040K, reserved 1048576K
Event: 5.546 GC heap after
Heap after GC invocations=13 (full 2):
 PSYoungGen      total 116224K, used 10178K [0x00000000e0000000, 0x00000000e9700000, 0x0000000100000000)
  eden space 102912K, 0% used [0x00000000e0000000,0x00000000e0000000,0x00000000e6480000)
  from space 13312K, 76% used [0x00000000e6480000,0x00000000e6e70bc8,0x00000000e7180000)
  to   space 13824K, 0% used [0x00000000e8980000,0x00000000e8980000,0x00000000e9700000)
 ParOldGen       total 97792K, used 24385K [0x00000000a0000000, 0x00000000a5f80000, 0x00000000e0000000)
  object space 97792K, 24% used [0x00000000a0000000,0x00000000a17d0728,0x00000000a5f80000)
 Metaspace       used 49052K, capacity 50132K, committed 50304K, reserved 1093632K
  class space    used 6647K, capacity 7002K, committed 7040K, reserved 1048576K
}
Event: 6.425 GC heap before
{Heap before GC invocations=14 (full 2):
 PSYoungGen      total 116224K, used 113090K [0x00000000e0000000, 0x00000000e9700000, 0x0000000100000000)
  eden space 102912K, 100% used [0x00000000e0000000,0x00000000e6480000,0x00000000e6480000)
  from space 13312K, 76% used [0x00000000e6480000,0x00000000e6e70bc8,0x00000000e7180000)
  to   space 13824K, 0% used [0x00000000e8980000,0x00000000e8980000,0x00000000e9700000)
 ParOldGen       total 97792K, used 24385K [0x00000000a0000000, 0x00000000a5f80000, 0x00000000e0000000)
  object space 97792K, 24% used [0x00000000a0000000,0x00000000a17d0728,0x00000000a5f80000)
 Metaspace       used 54888K, capacity 56628K, committed 56960K, reserved 1097728K
  class space    used 7496K, capacity 7982K, committed 8064K, reserved 1048576K
Event: 6.440 GC heap after
Heap after GC invocations=14 (full 2):
 PSYoungGen      total 139264K, used 13821K [0x00000000e0000000, 0x00000000e9d80000, 0x0000000100000000)
  eden space 125440K, 0% used [0x00000000e0000000,0x00000000e0000000,0x00000000e7a80000)
  from space 13824K, 99% used [0x00000000e8980000,0x00000000e96ff7a0,0x00000000e9700000)
  to   space 15360K, 0% used [0x00000000e7a80000,0x00000000e7a80000,0x00000000e8980000)
 ParOldGen       total 97792K, used 25186K [0x00000000a0000000, 0x00000000a5f80000, 0x00000000e0000000)
  object space 97792K, 25% used [0x00000000a0000000,0x00000000a1898998,0x00000000a5f80000)
 Metaspace       used 54888K, capacity 56628K, committed 56960K, reserved 1097728K
  class space    used 7496K, capacity 7982K, committed 8064K, reserved 1048576K
}
Event: 6.859 GC heap before
{Heap before GC invocations=15 (full 2):
 PSYoungGen      total 139264K, used 81203K [0x00000000e0000000, 0x00000000e9d80000, 0x0000000100000000)
  eden space 125440K, 53% used [0x00000000e0000000,0x00000000e41cd620,0x00000000e7a80000)
  from space 13824K, 99% used [0x00000000e8980000,0x00000000e96ff7a0,0x00000000e9700000)
  to   space 15360K, 0% used [0x00000000e7a80000,0x00000000e7a80000,0x00000000e8980000)
 ParOldGen       total 97792K, used 25186K [0x00000000a0000000, 0x00000000a5f80000, 0x00000000e0000000)
  object space 97792K, 25% used [0x00000000a0000000,0x00000000a1898998,0x00000000a5f80000)
 Metaspace       used 56989K, capacity 58968K, committed 59028K, reserved 1099776K
  class space    used 7860K, capacity 8427K, committed 8448K, reserved 1048576K
Event: 6.874 GC heap after
Heap after GC invocations=15 (full 2):
 PSYoungGen      total 140800K, used 8289K [0x00000000e0000000, 0x00000000e9d80000, 0x0000000100000000)
  eden space 125440K, 0% used [0x00000000e0000000,0x00000000e0000000,0x00000000e7a80000)
  from space 15360K, 53% used [0x00000000e7a80000,0x00000000e82984a0,0x00000000e8980000)
  to   space 13824K, 0% used [0x00000000e8980000,0x00000000e8980000,0x00000000e9700000)
 ParOldGen       total 97792K, used 34878K [0x00000000a0000000, 0x00000000a5f80000, 0x00000000e0000000)
  object space 97792K, 35% used [0x00000000a0000000,0x00000000a220fad0,0x00000000a5f80000)
 Metaspace       used 56989K, capacity 58968K, committed 59028K, reserved 1099776K
  class space    used 7860K, capacity 8427K, committed 8448K, reserved 1048576K
}
Event: 6.874 GC heap before
{Heap before GC invocations=16 (full 3):
 PSYoungGen      total 140800K, used 8289K [0x00000000e0000000, 0x00000000e9d80000, 0x0000000100000000)
  eden space 125440K, 0% used [0x00000000e0000000,0x00000000e0000000,0x00000000e7a80000)
  from space 15360K, 53% used [0x00000000e7a80000,0x00000000e82984a0,0x00000000e8980000)
  to   space 13824K, 0% used [0x00000000e8980000,0x00000000e8980000,0x00000000e9700000)
 ParOldGen       total 97792K, used 34878K [0x00000000a0000000, 0x00000000a5f80000, 0x00000000e0000000)
  object space 97792K, 35% used [0x00000000a0000000,0x00000000a220fad0,0x00000000a5f80000)
 Metaspace       used 56989K, capacity 58968K, committed 59028K, reserved 1099776K
  class space    used 7860K, capacity 8427K, committed 8448K, reserved 1048576K
Event: 7.089 GC heap after
Heap after GC invocations=16 (full 3):
 PSYoungGen      total 140800K, used 0K [0x00000000e0000000, 0x00000000e9d80000, 0x0000000100000000)
  eden space 125440K, 0% used [0x00000000e0000000,0x00000000e0000000,0x00000000e7a80000)
  from space 15360K, 0% used [0x00000000e7a80000,0x00000000e7a80000,0x00000000e8980000)
  to   space 13824K, 0% used [0x00000000e8980000,0x00000000e8980000,0x00000000e9700000)
 ParOldGen       total 97792K, used 39443K [0x00000000a0000000, 0x00000000a5f80000, 0x00000000e0000000)
  object space 97792K, 40% used [0x00000000a0000000,0x00000000a2684e90,0x00000000a5f80000)
 Metaspace       used 56989K, capacity 58968K, committed 59028K, reserved 1099776K
  class space    used 7860K, capacity 8427K, committed 8448K, reserved 1048576K
}

