# JRE version: OpenJDK Runtime Environment (8.0_152-b01) (build 1.8.0_152-release-1343-b01)
# Java VM: OpenJDK 64-Bit Server VM (25.152-b01 mixed mode windows-amd64 compressed oops)
Heap:
 PSYoungGen      total 113152K, used 30626K [0x00000000e0000000, 0x00000000e8100000, 0x0000000100000000)
  eden space 101376K, 18% used [0x00000000e0000000,0x00000000e12692a0,0x00000000e6300000)
  from space 11776K, 99% used [0x00000000e7580000,0x00000000e80ff940,0x00000000e8100000)
  to   space 13312K, 0% used [0x00000000e6700000,0x00000000e6700000,0x00000000e7400000)
 ParOldGen       total 96768K, used 17775K [0x00000000a0000000, 0x00000000a5e80000, 0x00000000e0000000)
  object space 96768K, 18% used [0x00000000a0000000,0x00000000a115bc78,0x00000000a5e80000)
 Metaspace       used 42123K, capacity 43082K, committed 43264K, reserved 1087488K
  class space    used 5716K, capacity 6038K, committed 6144K, reserved 1048576K
GC Heap History (10 events):
Event: 3.077 GC heap before
{Heap before GC invocations=8 (full 1):
 PSYoungGen      total 55808K, used 55773K [0x00000000e0000000, 0x00000000e5000000, 0x0000000100000000)
  eden space 51712K, 100% used [0x00000000e0000000,0x00000000e3280000,0x00000000e3280000)
  from space 4096K, 99% used [0x00000000e4c00000,0x00000000e4ff7688,0x00000000e5000000)
  to   space 11264K, 0% used [0x00000000e3a00000,0x00000000e3a00000,0x00000000e4500000)
 ParOldGen       total 64512K, used 9929K [0x00000000a0000000, 0x00000000a3f00000, 0x00000000e0000000)
  object space 64512K, 15% used [0x00000000a0000000,0x00000000a09b2768,0x00000000a3f00000)
 Metaspace       used 27928K, capacity 28502K, committed 28672K, reserved 1073152K
  class space    used 3846K, capacity 4070K, committed 4096K, reserved 1048576K
Event: 3.081 GC heap after
Heap after GC invocations=8 (full 1):
 PSYoungGen      total 70656K, used 6556K [0x00000000e0000000, 0x00000000e6300000, 0x0000000100000000)
  eden space 59392K, 0% used [0x00000000e0000000,0x00000000e0000000,0x00000000e3a00000)
  from space 11264K, 58% used [0x00000000e3a00000,0x00000000e4067058,0x00000000e4500000)
  to   space 10752K, 0% used [0x00000000e5880000,0x00000000e5880000,0x00000000e6300000)
 ParOldGen       total 64512K, used 9937K [0x00000000a0000000, 0x00000000a3f00000, 0x00000000e0000000)
  object space 64512K, 15% used [0x00000000a0000000,0x00000000a09b4768,0x00000000a3f00000)
 Metaspace       used 27928K, capacity 28502K, committed 28672K, reserved 1073152K
  class space    used 3846K, capacity 4070K, committed 4096K, reserved 1048576K
}
Event: 3.631 GC heap before
{Heap before GC invocations=9 (full 1):
 PSYoungGen      total 70656K, used 65948K [0x00000000e0000000, 0x00000000e6300000, 0x0000000100000000)
  eden space 59392K, 100% used [0x00000000e0000000,0x00000000e3a00000,0x00000000e3a00000)
  from space 11264K, 58% used [0x00000000e3a00000,0x00000000e4067058,0x00000000e4500000)
  to   space 10752K, 0% used [0x00000000e5880000,0x00000000e5880000,0x00000000e6300000)
 ParOldGen       total 64512K, used 9937K [0x00000000a0000000, 0x00000000a3f00000, 0x00000000e0000000)
  object space 64512K, 15% used [0x00000000a0000000,0x00000000a09b4768,0x00000000a3f00000)
 Metaspace       used 30807K, capacity 31464K, committed 31744K, reserved 1077248K
  class space    used 4284K, capacity 4523K, committed 4608K, reserved 1048576K
Event: 3.644 GC heap after
Heap after GC invocations=9 (full 1):
 PSYoungGen      total 89600K, used 9827K [0x00000000e0000000, 0x00000000e7300000, 0x0000000100000000)
  eden space 78848K, 0% used [0x00000000e0000000,0x00000000e0000000,0x00000000e4d00000)
  from space 10752K, 91% used [0x00000000e5880000,0x00000000e6218e20,0x00000000e6300000)
  to   space 11776K, 0% used [0x00000000e4d00000,0x00000000e4d00000,0x00000000e5880000)
 ParOldGen       total 64512K, used 9945K [0x00000000a0000000, 0x00000000a3f00000, 0x00000000e0000000)
  object space 64512K, 15% used [0x00000000a0000000,0x00000000a09b6768,0x00000000a3f00000)
 Metaspace       used 30807K, capacity 31464K, committed 31744K, reserved 1077248K
  class space    used 4284K, capacity 4523K, committed 4608K, reserved 1048576K
}
Event: 3.937 GC heap before
{Heap before GC invocations=10 (full 1):
 PSYoungGen      total 89600K, used 34178K [0x00000000e0000000, 0x00000000e7300000, 0x0000000100000000)
  eden space 78848K, 30% used [0x00000000e0000000,0x00000000e17c7bd0,0x00000000e4d00000)
  from space 10752K, 91% used [0x00000000e5880000,0x00000000e6218e20,0x00000000e6300000)
  to   space 11776K, 0% used [0x00000000e4d00000,0x00000000e4d00000,0x00000000e5880000)
 ParOldGen       total 64512K, used 9945K [0x00000000a0000000, 0x00000000a3f00000, 0x00000000e0000000)
  object space 64512K, 15% used [0x00000000a0000000,0x00000000a09b6768,0x00000000a3f00000)
 Metaspace       used 34585K, capacity 35302K, committed 35416K, reserved 1079296K
  class space    used 4827K, capacity 5099K, committed 5120K, reserved 1048576K
Event: 3.944 GC heap after
Heap after GC invocations=10 (full 1):
 PSYoungGen      total 90624K, used 8501K [0x00000000e0000000, 0x00000000e8100000, 0x0000000100000000)
  eden space 78848K, 0% used [0x00000000e0000000,0x00000000e0000000,0x00000000e4d00000)
  from space 11776K, 72% used [0x00000000e4d00000,0x00000000e554d648,0x00000000e5880000)
  to   space 11776K, 0% used [0x00000000e7580000,0x00000000e7580000,0x00000000e8100000)
 ParOldGen       total 64512K, used 11821K [0x00000000a0000000, 0x00000000a3f00000, 0x00000000e0000000)
  object space 64512K, 18% used [0x00000000a0000000,0x00000000a0b8b7a8,0x00000000a3f00000)
 Metaspace       used 34585K, capacity 35302K, committed 35416K, reserved 1079296K
  class space    used 4827K, capacity 5099K, committed 5120K, reserved 1048576K
}
Event: 3.944 GC heap before
{Heap before GC invocations=11 (full 2):
 PSYoungGen      total 90624K, used 8501K [0x00000000e0000000, 0x00000000e8100000, 0x0000000100000000)
  eden space 78848K, 0% used [0x00000000e0000000,0x00000000e0000000,0x00000000e4d00000)
  from space 11776K, 72% used [0x00000000e4d00000,0x00000000e554d648,0x00000000e5880000)
  to   space 11776K, 0% used [0x00000000e7580000,0x00000000e7580000,0x00000000e8100000)
 ParOldGen       total 64512K, used 11821K [0x00000000a0000000, 0x00000000a3f00000, 0x00000000e0000000)
  object space 64512K, 18% used [0x00000000a0000000,0x00000000a0b8b7a8,0x00000000a3f00000)
 Metaspace       used 34585K, capacity 35302K, committed 35416K, reserved 1079296K
  class space    used 4827K, capacity 5099K, committed 5120K, reserved 1048576K
Event: 3.989 GC heap after
Heap after GC invocations=11 (full 2):
 PSYoungGen      total 90624K, used 0K [0x00000000e0000000, 0x00000000e8100000, 0x0000000100000000)
  eden space 78848K, 0% used [0x00000000e0000000,0x00000000e0000000,0x00000000e4d00000)
  from space 11776K, 0% used [0x00000000e4d00000,0x00000000e4d00000,0x00000000e5880000)
  to   space 11776K, 0% used [0x00000000e7580000,0x00000000e7580000,0x00000000e8100000)
 ParOldGen       total 96768K, used 17309K [0x00000000a0000000, 0x00000000a5e80000, 0x00000000e0000000)
  object space 96768K, 17% used [0x00000000a0000000,0x00000000a10e75a8,0x00000000a5e80000)
 Metaspace       used 34585K, capacity 35302K, committed 35416K, reserved 1079296K
  class space    used 4827K, capacity 5099K, committed 5120K, reserved 1048576K
}
Event: 4.618 GC heap before
{Heap before GC invocations=12 (full 2):
 PSYoungGen      total 90624K, used 78848K [0x00000000e0000000, 0x00000000e8100000, 0x0000000100000000)
  eden space 78848K, 100% used [0x00000000e0000000,0x00000000e4d00000,0x00000000e4d00000)
  from space 11776K, 0% used [0x00000000e4d00000,0x00000000e4d00000,0x00000000e5880000)
  to   space 11776K, 0% used [0x00000000e7580000,0x00000000e7580000,0x00000000e8100000)
 ParOldGen       total 96768K, used 17309K [0x00000000a0000000, 0x00000000a5e80000, 0x00000000e0000000)
  object space 96768K, 17% used [0x00000000a0000000,0x00000000a10e75a8,0x00000000a5e80000)
 Metaspace       used 41910K, capacity 42844K, committed 43136K, reserved 1087488K
  class space    used 5680K, capacity 6002K, committed 6016K, reserved 1048576K
Event: 4.629 GC heap after
Heap after GC invocations=12 (full 2):
 PSYoungGen      total 113152K, used 11774K [0x00000000e0000000, 0x00000000e8100000, 0x0000000100000000)
  eden space 101376K, 0% used [0x00000000e0000000,0x00000000e0000000,0x00000000e6300000)
  from space 11776K, 99% used [0x00000000e7580000,0x00000000e80ff940,0x00000000e8100000)
  to   space 13312K, 0% used [0x00000000e6700000,0x00000000e6700000,0x00000000e7400000)
 ParOldGen       total 96768K, used 17775K [0x00000000a0000000, 0x00000000a5e80000, 0x00000000e0000000)
  object space 96768K, 18% used [0x00000000a0000000,0x00000000a115bc78,0x00000000a5e80000)
 Metaspace       used 41910K, capacity 42844K, committed 43136K, reserved 1087488K
  class space    used 5680K, capacity 6002K, committed 6016K, reserved 1048576K
}

