# JRE version: OpenJDK Runtime Environment (8.0_152-b06) (build 1.8.0_152-release-1136-b06)
# Java VM: OpenJDK 64-Bit Server VM (25.152-b06 mixed mode windows-amd64 compressed oops)
Heap:
 PSYoungGen      total 175616K, used 58117K [0x00000000e0000000, 0x00000000ed380000, 0x0000000100000000)
  eden space 162816K, 35% used [0x00000000e0000000,0x00000000e38c1430,0x00000000e9f00000)
  from space 12800K, 0% used [0x00000000eae00000,0x00000000eae00000,0x00000000eba80000)
  to   space 15360K, 0% used [0x00000000e9f00000,0x00000000e9f00000,0x00000000eae00000)
 ParOldGen       total 99328K, used 39196K [0x00000000a0000000, 0x00000000a6100000, 0x00000000e0000000)
  object space 99328K, 39% used [0x00000000a0000000,0x00000000a2647330,0x00000000a6100000)
 Metaspace       used 57694K, capacity 59878K, committed 60032K, reserved 1101824K
  class space    used 7897K, capacity 8535K, committed 8576K, reserved 1048576K
GC Heap History (10 events):
Event: 4.550 GC heap before
{Heap before GC invocations=9 (full 2):
 PSYoungGen      total 141312K, used 9707K [0x00000000e0000000, 0x00000000eba80000, 0x0000000100000000)
  eden space 131584K, 0% used [0x00000000e0000000,0x00000000e0000000,0x00000000e8080000)
  from space 9728K, 99% used [0x00000000e8080000,0x00000000e89fac30,0x00000000e8a00000)
  to   space 12800K, 0% used [0x00000000eae00000,0x00000000eae00000,0x00000000eba80000)
 ParOldGen       total 59904K, used 11827K [0x00000000a0000000, 0x00000000a3a80000, 0x00000000e0000000)
  object space 59904K, 19% used [0x00000000a0000000,0x00000000a0b8ce58,0x00000000a3a80000)
 Metaspace       used 34489K, capacity 35278K, committed 35416K, reserved 1079296K
  class space    used 4793K, capacity 5057K, committed 5120K, reserved 1048576K
Event: 4.618 GC heap after
Heap after GC invocations=9 (full 2):
 PSYoungGen      total 141312K, used 0K [0x00000000e0000000, 0x00000000eba80000, 0x0000000100000000)
  eden space 131584K, 0% used [0x00000000e0000000,0x00000000e0000000,0x00000000e8080000)
  from space 9728K, 0% used [0x00000000e8080000,0x00000000e8080000,0x00000000e8a00000)
  to   space 12800K, 0% used [0x00000000eae00000,0x00000000eae00000,0x00000000eba80000)
 ParOldGen       total 99328K, used 19538K [0x00000000a0000000, 0x00000000a6100000, 0x00000000e0000000)
  object space 99328K, 19% used [0x00000000a0000000,0x00000000a1314af8,0x00000000a6100000)
 Metaspace       used 34489K, capacity 35278K, committed 35416K, reserved 1079296K
  class space    used 4793K, capacity 5057K, committed 5120K, reserved 1048576K
}
Event: 5.881 GC heap before
{Heap before GC invocations=10 (full 2):
 PSYoungGen      total 141312K, used 131584K [0x00000000e0000000, 0x00000000eba80000, 0x0000000100000000)
  eden space 131584K, 100% used [0x00000000e0000000,0x00000000e8080000,0x00000000e8080000)
  from space 9728K, 0% used [0x00000000e8080000,0x00000000e8080000,0x00000000e8a00000)
  to   space 12800K, 0% used [0x00000000eae00000,0x00000000eae00000,0x00000000eba80000)
 ParOldGen       total 99328K, used 19538K [0x00000000a0000000, 0x00000000a6100000, 0x00000000e0000000)
  object space 99328K, 19% used [0x00000000a0000000,0x00000000a1314af8,0x00000000a6100000)
 Metaspace       used 42052K, capacity 43008K, committed 43136K, reserved 1087488K
  class space    used 5684K, capacity 6001K, committed 6016K, reserved 1048576K
Event: 5.905 GC heap after
Heap after GC invocations=10 (full 2):
 PSYoungGen      total 175616K, used 12798K [0x00000000e0000000, 0x00000000ed380000, 0x0000000100000000)
  eden space 162816K, 0% used [0x00000000e0000000,0x00000000e0000000,0x00000000e9f00000)
  from space 12800K, 99% used [0x00000000eae00000,0x00000000eba7fb30,0x00000000eba80000)
  to   space 15360K, 0% used [0x00000000e9f00000,0x00000000e9f00000,0x00000000eae00000)
 ParOldGen       total 99328K, used 21981K [0x00000000a0000000, 0x00000000a6100000, 0x00000000e0000000)
  object space 99328K, 22% used [0x00000000a0000000,0x00000000a15777a8,0x00000000a6100000)
 Metaspace       used 42052K, capacity 43008K, committed 43136K, reserved 1087488K
  class space    used 5684K, capacity 6001K, committed 6016K, reserved 1048576K
}
Event: 8.312 GC heap before
{Heap before GC invocations=11 (full 2):
 PSYoungGen      total 175616K, used 175614K [0x00000000e0000000, 0x00000000ed380000, 0x0000000100000000)
  eden space 162816K, 100% used [0x00000000e0000000,0x00000000e9f00000,0x00000000e9f00000)
  from space 12800K, 99% used [0x00000000eae00000,0x00000000eba7fb30,0x00000000eba80000)
  to   space 15360K, 0% used [0x00000000e9f00000,0x00000000e9f00000,0x00000000eae00000)
 ParOldGen       total 99328K, used 21981K [0x00000000a0000000, 0x00000000a6100000, 0x00000000e0000000)
  object space 99328K, 22% used [0x00000000a0000000,0x00000000a15777a8,0x00000000a6100000)
 Metaspace       used 54265K, capacity 55958K, committed 56064K, reserved 1097728K
  class space    used 7386K, capacity 7863K, committed 7936K, reserved 1048576K
Event: 8.335 GC heap after
Heap after GC invocations=11 (full 2):
 PSYoungGen      total 178176K, used 15358K [0x00000000e0000000, 0x00000000ed380000, 0x0000000100000000)
  eden space 162816K, 0% used [0x00000000e0000000,0x00000000e0000000,0x00000000e9f00000)
  from space 15360K, 99% used [0x00000000e9f00000,0x00000000eadffbd8,0x00000000eae00000)
  to   space 12800K, 0% used [0x00000000eae00000,0x00000000eae00000,0x00000000eba80000)
 ParOldGen       total 99328K, used 31406K [0x00000000a0000000, 0x00000000a6100000, 0x00000000e0000000)
  object space 99328K, 31% used [0x00000000a0000000,0x00000000a1eab930,0x00000000a6100000)
 Metaspace       used 54265K, capacity 55958K, committed 56064K, reserved 1097728K
  class space    used 7386K, capacity 7863K, committed 7936K, reserved 1048576K
}
Event: 8.920 GC heap before
{Heap before GC invocations=12 (full 2):
 PSYoungGen      total 178176K, used 86432K [0x00000000e0000000, 0x00000000ed380000, 0x0000000100000000)
  eden space 162816K, 43% used [0x00000000e0000000,0x00000000e4568570,0x00000000e9f00000)
  from space 15360K, 99% used [0x00000000e9f00000,0x00000000eadffbd8,0x00000000eae00000)
  to   space 12800K, 0% used [0x00000000eae00000,0x00000000eae00000,0x00000000eba80000)
 ParOldGen       total 99328K, used 31406K [0x00000000a0000000, 0x00000000a6100000, 0x00000000e0000000)
  object space 99328K, 31% used [0x00000000a0000000,0x00000000a1eab930,0x00000000a6100000)
 Metaspace       used 56710K, capacity 58900K, committed 59008K, reserved 1099776K
  class space    used 7800K, capacity 8468K, committed 8576K, reserved 1048576K
Event: 8.938 GC heap after
Heap after GC invocations=12 (full 2):
 PSYoungGen      total 175616K, used 12770K [0x00000000e0000000, 0x00000000ed380000, 0x0000000100000000)
  eden space 162816K, 0% used [0x00000000e0000000,0x00000000e0000000,0x00000000e9f00000)
  from space 12800K, 99% used [0x00000000eae00000,0x00000000eba78918,0x00000000eba80000)
  to   space 15360K, 0% used [0x00000000e9f00000,0x00000000e9f00000,0x00000000eae00000)
 ParOldGen       total 99328K, used 42791K [0x00000000a0000000, 0x00000000a6100000, 0x00000000e0000000)
  object space 99328K, 43% used [0x00000000a0000000,0x00000000a29c9f48,0x00000000a6100000)
 Metaspace       used 56710K, capacity 58900K, committed 59008K, reserved 1099776K
  class space    used 7800K, capacity 8468K, committed 8576K, reserved 1048576K
}
Event: 8.938 GC heap before
{Heap before GC invocations=13 (full 3):
 PSYoungGen      total 175616K, used 12770K [0x00000000e0000000, 0x00000000ed380000, 0x0000000100000000)
  eden space 162816K, 0% used [0x00000000e0000000,0x00000000e0000000,0x00000000e9f00000)
  from space 12800K, 99% used [0x00000000eae00000,0x00000000eba78918,0x00000000eba80000)
  to   space 15360K, 0% used [0x00000000e9f00000,0x00000000e9f00000,0x00000000eae00000)
 ParOldGen       total 99328K, used 42791K [0x00000000a0000000, 0x00000000a6100000, 0x00000000e0000000)
  object space 99328K, 43% used [0x00000000a0000000,0x00000000a29c9f48,0x00000000a6100000)
 Metaspace       used 56710K, capacity 58900K, committed 59008K, reserved 1099776K
  class space    used 7800K, capacity 8468K, committed 8576K, reserved 1048576K
Event: 9.085 GC heap after
Heap after GC invocations=13 (full 3):
 PSYoungGen      total 175616K, used 0K [0x00000000e0000000, 0x00000000ed380000, 0x0000000100000000)
  eden space 162816K, 0% used [0x00000000e0000000,0x00000000e0000000,0x00000000e9f00000)
  from space 12800K, 0% used [0x00000000eae00000,0x00000000eae00000,0x00000000eba80000)
  to   space 15360K, 0% used [0x00000000e9f00000,0x00000000e9f00000,0x00000000eae00000)
 ParOldGen       total 99328K, used 39196K [0x00000000a0000000, 0x00000000a6100000, 0x00000000e0000000)
  object space 99328K, 39% used [0x00000000a0000000,0x00000000a2647330,0x00000000a6100000)
 Metaspace       used 56710K, capacity 58900K, committed 59008K, reserved 1099776K
  class space    used 7800K, capacity 8468K, committed 8576K, reserved 1048576K
}

