# JRE version: OpenJDK Runtime Environment (8.0_152-b01) (build 1.8.0_152-release-1343-b01)
# Java VM: OpenJDK 64-Bit Server VM (25.152-b01 mixed mode windows-amd64 compressed oops)
Heap:
 PSYoungGen      total 90112K, used 44432K [0x00000000e0000000, 0x00000000e7f00000, 0x0000000100000000)
  eden space 78336K, 56% used [0x00000000e0000000,0x00000000e2b64300,0x00000000e4c80000)
  from space 11776K, 0% used [0x00000000e4c80000,0x00000000e4c80000,0x00000000e5800000)
  to   space 11776K, 0% used [0x00000000e7380000,0x00000000e7380000,0x00000000e7f00000)
 ParOldGen       total 100352K, used 17297K [0x00000000a0000000, 0x00000000a6200000, 0x00000000e0000000)
  object space 100352K, 17% used [0x00000000a0000000,0x00000000a10e47b8,0x00000000a6200000)
 Metaspace       used 39119K, capacity 39992K, committed 40320K, reserved 1083392K
  class space    used 5364K, capacity 5698K, committed 5760K, reserved 1048576K
GC Heap History (10 events):
Event: 2.583 GC heap before
{Heap before GC invocations=7 (full 1):
 PSYoungGen      total 38400K, used 33280K [0x00000000e0000000, 0x00000000e5700000, 0x0000000100000000)
  eden space 33280K, 100% used [0x00000000e0000000,0x00000000e2080000,0x00000000e2080000)
  from space 5120K, 0% used [0x00000000e2080000,0x00000000e2080000,0x00000000e2580000)
  to   space 11264K, 0% used [0x00000000e4c00000,0x00000000e4c00000,0x00000000e5700000)
 ParOldGen       total 64512K, used 9920K [0x00000000a0000000, 0x00000000a3f00000, 0x00000000e0000000)
  object space 64512K, 15% used [0x00000000a0000000,0x00000000a09b02e0,0x00000000a3f00000)
 Metaspace       used 24708K, capacity 25228K, committed 25344K, reserved 1071104K
  class space    used 3397K, capacity 3577K, committed 3584K, reserved 1048576K
Event: 2.586 GC heap after
Heap after GC invocations=7 (full 1):
 PSYoungGen      total 55296K, used 4042K [0x00000000e0000000, 0x00000000e5000000, 0x0000000100000000)
  eden space 51200K, 0% used [0x00000000e0000000,0x00000000e0000000,0x00000000e3200000)
  from space 4096K, 98% used [0x00000000e4c00000,0x00000000e4ff2a08,0x00000000e5000000)
  to   space 11264K, 0% used [0x00000000e3a00000,0x00000000e3a00000,0x00000000e4500000)
 ParOldGen       total 64512K, used 9928K [0x00000000a0000000, 0x00000000a3f00000, 0x00000000e0000000)
  object space 64512K, 15% used [0x00000000a0000000,0x00000000a09b22e0,0x00000000a3f00000)
 Metaspace       used 24708K, capacity 25228K, committed 25344K, reserved 1071104K
  class space    used 3397K, capacity 3577K, committed 3584K, reserved 1048576K
}
Event: 2.959 GC heap before
{Heap before GC invocations=8 (full 1):
 PSYoungGen      total 55296K, used 55242K [0x00000000e0000000, 0x00000000e5000000, 0x0000000100000000)
  eden space 51200K, 100% used [0x00000000e0000000,0x00000000e3200000,0x00000000e3200000)
  from space 4096K, 98% used [0x00000000e4c00000,0x00000000e4ff2a08,0x00000000e5000000)
  to   space 11264K, 0% used [0x00000000e3a00000,0x00000000e3a00000,0x00000000e4500000)
 ParOldGen       total 64512K, used 9928K [0x00000000a0000000, 0x00000000a3f00000, 0x00000000e0000000)
  object space 64512K, 15% used [0x00000000a0000000,0x00000000a09b22e0,0x00000000a3f00000)
 Metaspace       used 27921K, capacity 28502K, committed 28672K, reserved 1073152K
  class space    used 3846K, capacity 4070K, committed 4096K, reserved 1048576K
Event: 2.965 GC heap after
Heap after GC invocations=8 (full 1):
 PSYoungGen      total 70656K, used 6481K [0x00000000e0000000, 0x00000000e6280000, 0x0000000100000000)
  eden space 59392K, 0% used [0x00000000e0000000,0x00000000e0000000,0x00000000e3a00000)
  from space 11264K, 57% used [0x00000000e3a00000,0x00000000e40546b8,0x00000000e4500000)
  to   space 10752K, 0% used [0x00000000e5800000,0x00000000e5800000,0x00000000e6280000)
 ParOldGen       total 64512K, used 9936K [0x00000000a0000000, 0x00000000a3f00000, 0x00000000e0000000)
  object space 64512K, 15% used [0x00000000a0000000,0x00000000a09b42e0,0x00000000a3f00000)
 Metaspace       used 27921K, capacity 28502K, committed 28672K, reserved 1073152K
  class space    used 3846K, capacity 4070K, committed 4096K, reserved 1048576K
}
Event: 3.498 GC heap before
{Heap before GC invocations=9 (full 1):
 PSYoungGen      total 70656K, used 65873K [0x00000000e0000000, 0x00000000e6280000, 0x0000000100000000)
  eden space 59392K, 100% used [0x00000000e0000000,0x00000000e3a00000,0x00000000e3a00000)
  from space 11264K, 57% used [0x00000000e3a00000,0x00000000e40546b8,0x00000000e4500000)
  to   space 10752K, 0% used [0x00000000e5800000,0x00000000e5800000,0x00000000e6280000)
 ParOldGen       total 64512K, used 9936K [0x00000000a0000000, 0x00000000a3f00000, 0x00000000e0000000)
  object space 64512K, 15% used [0x00000000a0000000,0x00000000a09b42e0,0x00000000a3f00000)
 Metaspace       used 30811K, capacity 31464K, committed 31744K, reserved 1077248K
  class space    used 4285K, capacity 4523K, committed 4608K, reserved 1048576K
Event: 3.507 GC heap after
Heap after GC invocations=9 (full 1):
 PSYoungGen      total 89088K, used 9843K [0x00000000e0000000, 0x00000000e7200000, 0x0000000100000000)
  eden space 78336K, 0% used [0x00000000e0000000,0x00000000e0000000,0x00000000e4c80000)
  from space 10752K, 91% used [0x00000000e5800000,0x00000000e619ce10,0x00000000e6280000)
  to   space 11776K, 0% used [0x00000000e4c80000,0x00000000e4c80000,0x00000000e5800000)
 ParOldGen       total 64512K, used 9944K [0x00000000a0000000, 0x00000000a3f00000, 0x00000000e0000000)
  object space 64512K, 15% used [0x00000000a0000000,0x00000000a09b62e0,0x00000000a3f00000)
 Metaspace       used 30811K, capacity 31464K, committed 31744K, reserved 1077248K
  class space    used 4285K, capacity 4523K, committed 4608K, reserved 1048576K
}
Event: 3.797 GC heap before
{Heap before GC invocations=10 (full 1):
 PSYoungGen      total 89088K, used 34053K [0x00000000e0000000, 0x00000000e7200000, 0x0000000100000000)
  eden space 78336K, 30% used [0x00000000e0000000,0x00000000e17a4690,0x00000000e4c80000)
  from space 10752K, 91% used [0x00000000e5800000,0x00000000e619ce10,0x00000000e6280000)
  to   space 11776K, 0% used [0x00000000e4c80000,0x00000000e4c80000,0x00000000e5800000)
 ParOldGen       total 64512K, used 9944K [0x00000000a0000000, 0x00000000a3f00000, 0x00000000e0000000)
  object space 64512K, 15% used [0x00000000a0000000,0x00000000a09b62e0,0x00000000a3f00000)
 Metaspace       used 34580K, capacity 35302K, committed 35416K, reserved 1079296K
  class space    used 4828K, capacity 5099K, committed 5120K, reserved 1048576K
Event: 3.804 GC heap after
Heap after GC invocations=10 (full 1):
 PSYoungGen      total 90112K, used 8412K [0x00000000e0000000, 0x00000000e7f00000, 0x0000000100000000)
  eden space 78336K, 0% used [0x00000000e0000000,0x00000000e0000000,0x00000000e4c80000)
  from space 11776K, 71% used [0x00000000e4c80000,0x00000000e54b7088,0x00000000e5800000)
  to   space 11776K, 0% used [0x00000000e7380000,0x00000000e7380000,0x00000000e7f00000)
 ParOldGen       total 64512K, used 11828K [0x00000000a0000000, 0x00000000a3f00000, 0x00000000e0000000)
  object space 64512K, 18% used [0x00000000a0000000,0x00000000a0b8d320,0x00000000a3f00000)
 Metaspace       used 34580K, capacity 35302K, committed 35416K, reserved 1079296K
  class space    used 4828K, capacity 5099K, committed 5120K, reserved 1048576K
}
Event: 3.804 GC heap before
{Heap before GC invocations=11 (full 2):
 PSYoungGen      total 90112K, used 8412K [0x00000000e0000000, 0x00000000e7f00000, 0x0000000100000000)
  eden space 78336K, 0% used [0x00000000e0000000,0x00000000e0000000,0x00000000e4c80000)
  from space 11776K, 71% used [0x00000000e4c80000,0x00000000e54b7088,0x00000000e5800000)
  to   space 11776K, 0% used [0x00000000e7380000,0x00000000e7380000,0x00000000e7f00000)
 ParOldGen       total 64512K, used 11828K [0x00000000a0000000, 0x00000000a3f00000, 0x00000000e0000000)
  object space 64512K, 18% used [0x00000000a0000000,0x00000000a0b8d320,0x00000000a3f00000)
 Metaspace       used 34580K, capacity 35302K, committed 35416K, reserved 1079296K
  class space    used 4828K, capacity 5099K, committed 5120K, reserved 1048576K
Event: 3.864 GC heap after
Heap after GC invocations=11 (full 2):
 PSYoungGen      total 90112K, used 0K [0x00000000e0000000, 0x00000000e7f00000, 0x0000000100000000)
  eden space 78336K, 0% used [0x00000000e0000000,0x00000000e0000000,0x00000000e4c80000)
  from space 11776K, 0% used [0x00000000e4c80000,0x00000000e4c80000,0x00000000e5800000)
  to   space 11776K, 0% used [0x00000000e7380000,0x00000000e7380000,0x00000000e7f00000)
 ParOldGen       total 100352K, used 17297K [0x00000000a0000000, 0x00000000a6200000, 0x00000000e0000000)
  object space 100352K, 17% used [0x00000000a0000000,0x00000000a10e47b8,0x00000000a6200000)
 Metaspace       used 34580K, capacity 35302K, committed 35416K, reserved 1079296K
  class space    used 4828K, capacity 5099K, committed 5120K, reserved 1048576K
}

