# JRE version: OpenJDK Runtime Environment (8.0_152-b06) (build 1.8.0_152-release-1136-b06)
# Java VM: OpenJDK 64-Bit Server VM (25.152-b06 mixed mode windows-amd64 compressed oops)
Heap:
 PSYoungGen      total 166400K, used 75245K [0x00000000e0000000, 0x00000000ed400000, 0x0000000100000000)
  eden space 151040K, 49% used [0x00000000e0000000,0x00000000e497b518,0x00000000e9380000)
  from space 15360K, 0% used [0x00000000e9380000,0x00000000e9380000,0x00000000ea280000)
  to   space 24576K, 0% used [0x00000000ebc00000,0x00000000ebc00000,0x00000000ed400000)
 ParOldGen       total 67584K, used 67530K [0x00000000a0000000, 0x00000000a4200000, 0x00000000e0000000)
  object space 67584K, 99% used [0x00000000a0000000,0x00000000a41f2960,0x00000000a4200000)
 Metaspace       used 70996K, capacity 73188K, committed 73344K, reserved 1112064K
  class space    used 9399K, capacity 10032K, committed 10112K, reserved 1048576K
GC Heap History (10 events):
Event: 21.350 GC heap before
{Heap before GC invocations=18 (full 3):
 PSYoungGen      total 137216K, used 125952K [0x00000000e0000000, 0x00000000e9480000, 0x0000000100000000)
  eden space 125952K, 100% used [0x00000000e0000000,0x00000000e7b00000,0x00000000e7b00000)
  from space 11264K, 0% used [0x00000000e8780000,0x00000000e8780000,0x00000000e9280000)
  to   space 12800K, 0% used [0x00000000e7b00000,0x00000000e7b00000,0x00000000e8780000)
 ParOldGen       total 67584K, used 39305K [0x00000000a0000000, 0x00000000a4200000, 0x00000000e0000000)
  object space 67584K, 58% used [0x00000000a0000000,0x00000000a2662548,0x00000000a4200000)
 Metaspace       used 60479K, capacity 62694K, committed 62976K, reserved 1103872K
  class space    used 8262K, capacity 8923K, committed 8960K, reserved 1048576K
Event: 21.357 GC heap after
Heap after GC invocations=18 (full 3):
 PSYoungGen      total 138752K, used 10762K [0x00000000e0000000, 0x00000000eb200000, 0x0000000100000000)
  eden space 125952K, 0% used [0x00000000e0000000,0x00000000e0000000,0x00000000e7b00000)
  from space 12800K, 84% used [0x00000000e7b00000,0x00000000e8582950,0x00000000e8780000)
  to   space 13824K, 0% used [0x00000000ea480000,0x00000000ea480000,0x00000000eb200000)
 ParOldGen       total 67584K, used 39313K [0x00000000a0000000, 0x00000000a4200000, 0x00000000e0000000)
  object space 67584K, 58% used [0x00000000a0000000,0x00000000a2664548,0x00000000a4200000)
 Metaspace       used 60479K, capacity 62694K, committed 62976K, reserved 1103872K
  class space    used 8262K, capacity 8923K, committed 8960K, reserved 1048576K
}
Event: 23.447 GC heap before
{Heap before GC invocations=19 (full 3):
 PSYoungGen      total 138752K, used 136714K [0x00000000e0000000, 0x00000000eb200000, 0x0000000100000000)
  eden space 125952K, 100% used [0x00000000e0000000,0x00000000e7b00000,0x00000000e7b00000)
  from space 12800K, 84% used [0x00000000e7b00000,0x00000000e8582950,0x00000000e8780000)
  to   space 13824K, 0% used [0x00000000ea480000,0x00000000ea480000,0x00000000eb200000)
 ParOldGen       total 67584K, used 39313K [0x00000000a0000000, 0x00000000a4200000, 0x00000000e0000000)
  object space 67584K, 58% used [0x00000000a0000000,0x00000000a2664548,0x00000000a4200000)
 Metaspace       used 63976K, capacity 66092K, committed 66176K, reserved 1105920K
  class space    used 8682K, capacity 9318K, committed 9344K, reserved 1048576K
Event: 23.456 GC heap after
Heap after GC invocations=19 (full 3):
 PSYoungGen      total 164352K, used 13298K [0x00000000e0000000, 0x00000000eb180000, 0x0000000100000000)
  eden space 151040K, 0% used [0x00000000e0000000,0x00000000e0000000,0x00000000e9380000)
  from space 13312K, 99% used [0x00000000ea480000,0x00000000eb17cab8,0x00000000eb180000)
  to   space 15360K, 0% used [0x00000000e9380000,0x00000000e9380000,0x00000000ea280000)
 ParOldGen       total 67584K, used 39321K [0x00000000a0000000, 0x00000000a4200000, 0x00000000e0000000)
  object space 67584K, 58% used [0x00000000a0000000,0x00000000a2666548,0x00000000a4200000)
 Metaspace       used 63976K, capacity 66092K, committed 66176K, reserved 1105920K
  class space    used 8682K, capacity 9318K, committed 9344K, reserved 1048576K
}
Event: 39.107 GC heap before
{Heap before GC invocations=20 (full 3):
 PSYoungGen      total 164352K, used 164338K [0x00000000e0000000, 0x00000000eb180000, 0x0000000100000000)
  eden space 151040K, 100% used [0x00000000e0000000,0x00000000e9380000,0x00000000e9380000)
  from space 13312K, 99% used [0x00000000ea480000,0x00000000eb17cab8,0x00000000eb180000)
  to   space 15360K, 0% used [0x00000000e9380000,0x00000000e9380000,0x00000000ea280000)
 ParOldGen       total 67584K, used 39321K [0x00000000a0000000, 0x00000000a4200000, 0x00000000e0000000)
  object space 67584K, 58% used [0x00000000a0000000,0x00000000a2666548,0x00000000a4200000)
 Metaspace       used 68931K, capacity 71172K, committed 71424K, reserved 1110016K
  class space    used 9286K, capacity 9936K, committed 9984K, reserved 1048576K
Event: 39.134 GC heap after
Heap after GC invocations=20 (full 3):
 PSYoungGen      total 166400K, used 15344K [0x00000000e0000000, 0x00000000ed400000, 0x0000000100000000)
  eden space 151040K, 0% used [0x00000000e0000000,0x00000000e0000000,0x00000000e9380000)
  from space 15360K, 99% used [0x00000000e9380000,0x00000000ea27c0c8,0x00000000ea280000)
  to   space 24576K, 0% used [0x00000000ebc00000,0x00000000ebc00000,0x00000000ed400000)
 ParOldGen       total 67584K, used 59175K [0x00000000a0000000, 0x00000000a4200000, 0x00000000e0000000)
  object space 67584K, 87% used [0x00000000a0000000,0x00000000a39c9d60,0x00000000a4200000)
 Metaspace       used 68931K, capacity 71172K, committed 71424K, reserved 1110016K
  class space    used 9286K, capacity 9936K, committed 9984K, reserved 1048576K
}
Event: 39.135 GC heap before
{Heap before GC invocations=21 (full 4):
 PSYoungGen      total 166400K, used 15344K [0x00000000e0000000, 0x00000000ed400000, 0x0000000100000000)
  eden space 151040K, 0% used [0x00000000e0000000,0x00000000e0000000,0x00000000e9380000)
  from space 15360K, 99% used [0x00000000e9380000,0x00000000ea27c0c8,0x00000000ea280000)
  to   space 24576K, 0% used [0x00000000ebc00000,0x00000000ebc00000,0x00000000ed400000)
 ParOldGen       total 67584K, used 59175K [0x00000000a0000000, 0x00000000a4200000, 0x00000000e0000000)
  object space 67584K, 87% used [0x00000000a0000000,0x00000000a39c9d60,0x00000000a4200000)
 Metaspace       used 68931K, capacity 71172K, committed 71424K, reserved 1110016K
  class space    used 9286K, capacity 9936K, committed 9984K, reserved 1048576K
Event: 39.603 GC heap after
Heap after GC invocations=21 (full 4):
 PSYoungGen      total 166400K, used 5074K [0x00000000e0000000, 0x00000000ed400000, 0x0000000100000000)
  eden space 151040K, 0% used [0x00000000e0000000,0x00000000e0000000,0x00000000e9380000)
  from space 15360K, 33% used [0x00000000e9380000,0x00000000e9874878,0x00000000ea280000)
  to   space 24576K, 0% used [0x00000000ebc00000,0x00000000ebc00000,0x00000000ed400000)
 ParOldGen       total 67584K, used 67445K [0x00000000a0000000, 0x00000000a4200000, 0x00000000e0000000)
  object space 67584K, 99% used [0x00000000a0000000,0x00000000a41dd7b8,0x00000000a4200000)
 Metaspace       used 68931K, capacity 71172K, committed 71424K, reserved 1110016K
  class space    used 9286K, capacity 9936K, committed 9984K, reserved 1048576K
}
Event: 41.223 GC heap before
{Heap before GC invocations=22 (full 5):
 PSYoungGen      total 166400K, used 156114K [0x00000000e0000000, 0x00000000ed400000, 0x0000000100000000)
  eden space 151040K, 100% used [0x00000000e0000000,0x00000000e9380000,0x00000000e9380000)
  from space 15360K, 33% used [0x00000000e9380000,0x00000000e9874878,0x00000000ea280000)
  to   space 24576K, 0% used [0x00000000ebc00000,0x00000000ebc00000,0x00000000ed400000)
 ParOldGen       total 67584K, used 67445K [0x00000000a0000000, 0x00000000a4200000, 0x00000000e0000000)
  object space 67584K, 99% used [0x00000000a0000000,0x00000000a41dd7b8,0x00000000a4200000)
 Metaspace       used 70695K, capacity 72932K, committed 73088K, reserved 1112064K
  class space    used 9394K, capacity 10032K, committed 10112K, reserved 1048576K
Event: 41.556 GC heap after
Heap after GC invocations=22 (full 5):
 PSYoungGen      total 166400K, used 40533K [0x00000000e0000000, 0x00000000ed400000, 0x0000000100000000)
  eden space 151040K, 26% used [0x00000000e0000000,0x00000000e27956a8,0x00000000e9380000)
  from space 15360K, 0% used [0x00000000e9380000,0x00000000e9380000,0x00000000ea280000)
  to   space 24576K, 0% used [0x00000000ebc00000,0x00000000ebc00000,0x00000000ed400000)
 ParOldGen       total 67584K, used 67530K [0x00000000a0000000, 0x00000000a4200000, 0x00000000e0000000)
  object space 67584K, 99% used [0x00000000a0000000,0x00000000a41f2960,0x00000000a4200000)
 Metaspace       used 70695K, capacity 72932K, committed 73088K, reserved 1112064K
  class space    used 9394K, capacity 10032K, committed 10112K, reserved 1048576K
}

