# JRE version: OpenJDK Runtime Environment (8.0_152-b01) (build 1.8.0_152-release-1343-b01)
# Java VM: OpenJDK 64-Bit Server VM (25.152-b01 mixed mode windows-amd64 compressed oops)
Heap:
 PSYoungGen      total 135168K, used 19668K [0x00000000e0000000, 0x00000000eaf00000, 0x0000000100000000)
  eden space 115200K, 17% used [0x00000000e0000000,0x00000000e13350f0,0x00000000e7080000)
  from space 19968K, 0% used [0x00000000e7080000,0x00000000e7080000,0x00000000e8400000)
  to   space 19968K, 0% used [0x00000000e9b80000,0x00000000e9b80000,0x00000000eaf00000)
 ParOldGen       total 158208K, used 39793K [0x00000000a0000000, 0x00000000a9a80000, 0x00000000e0000000)
  object space 158208K, 25% used [0x00000000a0000000,0x00000000a26dc610,0x00000000a9a80000)
 Metaspace       used 57525K, capacity 59444K, committed 59668K, reserved 1099776K
  class space    used 7920K, capacity 8472K, committed 8576K, reserved 1048576K
GC Heap History (10 events):
Event: 4.743 GC heap before
{Heap before GC invocations=12 (full 2):
 PSYoungGen      total 88064K, used 76800K [0x00000000e0000000, 0x00000000e7d80000, 0x0000000100000000)
  eden space 76800K, 100% used [0x00000000e0000000,0x00000000e4b00000,0x00000000e4b00000)
  from space 11264K, 0% used [0x00000000e4b00000,0x00000000e4b00000,0x00000000e5600000)
  to   space 12800K, 0% used [0x00000000e7100000,0x00000000e7100000,0x00000000e7d80000)
 ParOldGen       total 100864K, used 17603K [0x00000000a0000000, 0x00000000a6280000, 0x00000000e0000000)
  object space 100864K, 17% used [0x00000000a0000000,0x00000000a1130fb8,0x00000000a6280000)
 Metaspace       used 41571K, capacity 42366K, committed 42624K, reserved 1085440K
  class space    used 5636K, capacity 5945K, committed 6016K, reserved 1048576K
Event: 4.752 GC heap after
Heap after GC invocations=12 (full 2):
 PSYoungGen      total 108032K, used 12041K [0x00000000e0000000, 0x00000000e7d00000, 0x0000000100000000)
  eden space 95744K, 0% used [0x00000000e0000000,0x00000000e0000000,0x00000000e5d80000)
  from space 12288K, 97% used [0x00000000e7100000,0x00000000e7cc2420,0x00000000e7d00000)
  to   space 13824K, 0% used [0x00000000e6200000,0x00000000e6200000,0x00000000e6f80000)
 ParOldGen       total 100864K, used 17611K [0x00000000a0000000, 0x00000000a6280000, 0x00000000e0000000)
  object space 100864K, 17% used [0x00000000a0000000,0x00000000a1132fb8,0x00000000a6280000)
 Metaspace       used 41571K, capacity 42366K, committed 42624K, reserved 1085440K
  class space    used 5636K, capacity 5945K, committed 6016K, reserved 1048576K
}
Event: 5.574 GC heap before
{Heap before GC invocations=13 (full 2):
 PSYoungGen      total 108032K, used 107785K [0x00000000e0000000, 0x00000000e7d00000, 0x0000000100000000)
  eden space 95744K, 100% used [0x00000000e0000000,0x00000000e5d80000,0x00000000e5d80000)
  from space 12288K, 97% used [0x00000000e7100000,0x00000000e7cc2420,0x00000000e7d00000)
  to   space 13824K, 0% used [0x00000000e6200000,0x00000000e6200000,0x00000000e6f80000)
 ParOldGen       total 100864K, used 17611K [0x00000000a0000000, 0x00000000a6280000, 0x00000000e0000000)
  object space 100864K, 17% used [0x00000000a0000000,0x00000000a1132fb8,0x00000000a6280000)
 Metaspace       used 48734K, capacity 49654K, committed 49920K, reserved 1091584K
  class space    used 6601K, capacity 6881K, committed 6912K, reserved 1048576K
Event: 5.585 GC heap after
Heap after GC invocations=13 (full 2):
 PSYoungGen      total 114176K, used 13797K [0x00000000e0000000, 0x00000000e9400000, 0x0000000100000000)
  eden space 100352K, 0% used [0x00000000e0000000,0x00000000e0000000,0x00000000e6200000)
  from space 13824K, 99% used [0x00000000e6200000,0x00000000e6f796b0,0x00000000e6f80000)
  to   space 16384K, 0% used [0x00000000e8400000,0x00000000e8400000,0x00000000e9400000)
 ParOldGen       total 100864K, used 20347K [0x00000000a0000000, 0x00000000a6280000, 0x00000000e0000000)
  object space 100864K, 20% used [0x00000000a0000000,0x00000000a13def50,0x00000000a6280000)
 Metaspace       used 48734K, capacity 49654K, committed 49920K, reserved 1091584K
  class space    used 6601K, capacity 6881K, committed 6912K, reserved 1048576K
}
Event: 6.452 GC heap before
{Heap before GC invocations=14 (full 2):
 PSYoungGen      total 114176K, used 114149K [0x00000000e0000000, 0x00000000e9400000, 0x0000000100000000)
  eden space 100352K, 100% used [0x00000000e0000000,0x00000000e6200000,0x00000000e6200000)
  from space 13824K, 99% used [0x00000000e6200000,0x00000000e6f796b0,0x00000000e6f80000)
  to   space 16384K, 0% used [0x00000000e8400000,0x00000000e8400000,0x00000000e9400000)
 ParOldGen       total 100864K, used 20347K [0x00000000a0000000, 0x00000000a6280000, 0x00000000e0000000)
  object space 100864K, 20% used [0x00000000a0000000,0x00000000a13def50,0x00000000a6280000)
 Metaspace       used 54444K, capacity 56036K, committed 56320K, reserved 1097728K
  class space    used 7438K, capacity 7890K, committed 7936K, reserved 1048576K
Event: 6.467 GC heap after
Heap after GC invocations=14 (full 2):
 PSYoungGen      total 131584K, used 16352K [0x00000000e0000000, 0x00000000ea080000, 0x0000000100000000)
  eden space 115200K, 0% used [0x00000000e0000000,0x00000000e0000000,0x00000000e7080000)
  from space 16384K, 99% used [0x00000000e8400000,0x00000000e93f8078,0x00000000e9400000)
  to   space 19968K, 0% used [0x00000000e7080000,0x00000000e7080000,0x00000000e8400000)
 ParOldGen       total 100864K, used 24677K [0x00000000a0000000, 0x00000000a6280000, 0x00000000e0000000)
  object space 100864K, 24% used [0x00000000a0000000,0x00000000a1819728,0x00000000a6280000)
 Metaspace       used 54444K, capacity 56036K, committed 56320K, reserved 1097728K
  class space    used 7438K, capacity 7890K, committed 7936K, reserved 1048576K
}
Event: 14.824 GC heap before
{Heap before GC invocations=15 (full 2):
 PSYoungGen      total 131584K, used 98268K [0x00000000e0000000, 0x00000000ea080000, 0x0000000100000000)
  eden space 115200K, 71% used [0x00000000e0000000,0x00000000e4fff2b0,0x00000000e7080000)
  from space 16384K, 99% used [0x00000000e8400000,0x00000000e93f8078,0x00000000e9400000)
  to   space 19968K, 0% used [0x00000000e7080000,0x00000000e7080000,0x00000000e8400000)
 ParOldGen       total 100864K, used 24677K [0x00000000a0000000, 0x00000000a6280000, 0x00000000e0000000)
  object space 100864K, 24% used [0x00000000a0000000,0x00000000a1819728,0x00000000a6280000)
 Metaspace       used 57013K, capacity 58926K, committed 59028K, reserved 1099776K
  class space    used 7866K, capacity 8407K, committed 8448K, reserved 1048576K
Event: 14.845 GC heap after
Heap after GC invocations=15 (full 2):
 PSYoungGen      total 135168K, used 12577K [0x00000000e0000000, 0x00000000eaf00000, 0x0000000100000000)
  eden space 115200K, 0% used [0x00000000e0000000,0x00000000e0000000,0x00000000e7080000)
  from space 19968K, 62% used [0x00000000e7080000,0x00000000e7cc84d0,0x00000000e8400000)
  to   space 19968K, 0% used [0x00000000e9b80000,0x00000000e9b80000,0x00000000eaf00000)
 ParOldGen       total 100864K, used 37226K [0x00000000a0000000, 0x00000000a6280000, 0x00000000e0000000)
  object space 100864K, 36% used [0x00000000a0000000,0x00000000a245ab98,0x00000000a6280000)
 Metaspace       used 57013K, capacity 58926K, committed 59028K, reserved 1099776K
  class space    used 7866K, capacity 8407K, committed 8448K, reserved 1048576K
}
Event: 14.845 GC heap before
{Heap before GC invocations=16 (full 3):
 PSYoungGen      total 135168K, used 12577K [0x00000000e0000000, 0x00000000eaf00000, 0x0000000100000000)
  eden space 115200K, 0% used [0x00000000e0000000,0x00000000e0000000,0x00000000e7080000)
  from space 19968K, 62% used [0x00000000e7080000,0x00000000e7cc84d0,0x00000000e8400000)
  to   space 19968K, 0% used [0x00000000e9b80000,0x00000000e9b80000,0x00000000eaf00000)
 ParOldGen       total 100864K, used 37226K [0x00000000a0000000, 0x00000000a6280000, 0x00000000e0000000)
  object space 100864K, 36% used [0x00000000a0000000,0x00000000a245ab98,0x00000000a6280000)
 Metaspace       used 57013K, capacity 58926K, committed 59028K, reserved 1099776K
  class space    used 7866K, capacity 8407K, committed 8448K, reserved 1048576K
Event: 15.058 GC heap after
Heap after GC invocations=16 (full 3):
 PSYoungGen      total 135168K, used 0K [0x00000000e0000000, 0x00000000eaf00000, 0x0000000100000000)
  eden space 115200K, 0% used [0x00000000e0000000,0x00000000e0000000,0x00000000e7080000)
  from space 19968K, 0% used [0x00000000e7080000,0x00000000e7080000,0x00000000e8400000)
  to   space 19968K, 0% used [0x00000000e9b80000,0x00000000e9b80000,0x00000000eaf00000)
 ParOldGen       total 158208K, used 39793K [0x00000000a0000000, 0x00000000a9a80000, 0x00000000e0000000)
  object space 158208K, 25% used [0x00000000a0000000,0x00000000a26dc610,0x00000000a9a80000)
 Metaspace       used 57013K, capacity 58926K, committed 59028K, reserved 1099776K
  class space    used 7866K, capacity 8407K, committed 8448K, reserved 1048576K
}

