# JRE version: OpenJDK Runtime Environment (8.0_152-b01) (build 1.8.0_152-release-1343-b01)
# Java VM: OpenJDK 64-Bit Server VM (25.152-b01 mixed mode windows-amd64 compressed oops)
Heap:
 PSYoungGen      total 113664K, used 44056K [0x00000000e0000000, 0x00000000e8180000, 0x0000000100000000)
  eden space 101888K, 31% used [0x00000000e0000000,0x00000000e1f87888,0x00000000e6380000)
  from space 11776K, 99% used [0x00000000e7600000,0x00000000e817ea78,0x00000000e8180000)
  to   space 13312K, 0% used [0x00000000e6780000,0x00000000e6780000,0x00000000e7480000)
 ParOldGen       total 96256K, used 17777K [0x00000000a0000000, 0x00000000a5e00000, 0x00000000e0000000)
  object space 96256K, 18% used [0x00000000a0000000,0x00000000a115c510,0x00000000a5e00000)
 Metaspace       used 42269K, capacity 43298K, committed 43520K, reserved 1087488K
  class space    used 5742K, capacity 6108K, committed 6144K, reserved 1048576K
GC Heap History (10 events):
Event: 3.034 GC heap before
{Heap before GC invocations=8 (full 1):
 PSYoungGen      total 55808K, used 55723K [0x00000000e0000000, 0x00000000e5000000, 0x0000000100000000)
  eden space 51712K, 100% used [0x00000000e0000000,0x00000000e3280000,0x00000000e3280000)
  from space 4096K, 97% used [0x00000000e4c00000,0x00000000e4feaf78,0x00000000e5000000)
  to   space 11264K, 0% used [0x00000000e3a00000,0x00000000e3a00000,0x00000000e4500000)
 ParOldGen       total 64512K, used 9927K [0x00000000a0000000, 0x00000000a3f00000, 0x00000000e0000000)
  object space 64512K, 15% used [0x00000000a0000000,0x00000000a09b1ef0,0x00000000a3f00000)
 Metaspace       used 27925K, capacity 28502K, committed 28672K, reserved 1073152K
  class space    used 3846K, capacity 4070K, committed 4096K, reserved 1048576K
Event: 3.039 GC heap after
Heap after GC invocations=8 (full 1):
 PSYoungGen      total 70656K, used 6474K [0x00000000e0000000, 0x00000000e6300000, 0x0000000100000000)
  eden space 59392K, 0% used [0x00000000e0000000,0x00000000e0000000,0x00000000e3a00000)
  from space 11264K, 57% used [0x00000000e3a00000,0x00000000e40529b8,0x00000000e4500000)
  to   space 10752K, 0% used [0x00000000e5880000,0x00000000e5880000,0x00000000e6300000)
 ParOldGen       total 64512K, used 9935K [0x00000000a0000000, 0x00000000a3f00000, 0x00000000e0000000)
  object space 64512K, 15% used [0x00000000a0000000,0x00000000a09b3ef0,0x00000000a3f00000)
 Metaspace       used 27925K, capacity 28502K, committed 28672K, reserved 1073152K
  class space    used 3846K, capacity 4070K, committed 4096K, reserved 1048576K
}
Event: 3.574 GC heap before
{Heap before GC invocations=9 (full 1):
 PSYoungGen      total 70656K, used 65866K [0x00000000e0000000, 0x00000000e6300000, 0x0000000100000000)
  eden space 59392K, 100% used [0x00000000e0000000,0x00000000e3a00000,0x00000000e3a00000)
  from space 11264K, 57% used [0x00000000e3a00000,0x00000000e40529b8,0x00000000e4500000)
  to   space 10752K, 0% used [0x00000000e5880000,0x00000000e5880000,0x00000000e6300000)
 ParOldGen       total 64512K, used 9935K [0x00000000a0000000, 0x00000000a3f00000, 0x00000000e0000000)
  object space 64512K, 15% used [0x00000000a0000000,0x00000000a09b3ef0,0x00000000a3f00000)
 Metaspace       used 30842K, capacity 31464K, committed 31744K, reserved 1077248K
  class space    used 4289K, capacity 4523K, committed 4608K, reserved 1048576K
Event: 3.584 GC heap after
Heap after GC invocations=9 (full 1):
 PSYoungGen      total 89600K, used 9904K [0x00000000e0000000, 0x00000000e7200000, 0x0000000100000000)
  eden space 78848K, 0% used [0x00000000e0000000,0x00000000e0000000,0x00000000e4d00000)
  from space 10752K, 92% used [0x00000000e5880000,0x00000000e622c3f8,0x00000000e6300000)
  to   space 11776K, 0% used [0x00000000e4d00000,0x00000000e4d00000,0x00000000e5880000)
 ParOldGen       total 64512K, used 9943K [0x00000000a0000000, 0x00000000a3f00000, 0x00000000e0000000)
  object space 64512K, 15% used [0x00000000a0000000,0x00000000a09b5ef0,0x00000000a3f00000)
 Metaspace       used 30842K, capacity 31464K, committed 31744K, reserved 1077248K
  class space    used 4289K, capacity 4523K, committed 4608K, reserved 1048576K
}
Event: 3.858 GC heap before
{Heap before GC invocations=10 (full 1):
 PSYoungGen      total 89600K, used 34382K [0x00000000e0000000, 0x00000000e7200000, 0x0000000100000000)
  eden space 78848K, 31% used [0x00000000e0000000,0x00000000e17e77f0,0x00000000e4d00000)
  from space 10752K, 92% used [0x00000000e5880000,0x00000000e622c3f8,0x00000000e6300000)
  to   space 11776K, 0% used [0x00000000e4d00000,0x00000000e4d00000,0x00000000e5880000)
 ParOldGen       total 64512K, used 9943K [0x00000000a0000000, 0x00000000a3f00000, 0x00000000e0000000)
  object space 64512K, 15% used [0x00000000a0000000,0x00000000a09b5ef0,0x00000000a3f00000)
 Metaspace       used 34577K, capacity 35302K, committed 35416K, reserved 1079296K
  class space    used 4829K, capacity 5099K, committed 5120K, reserved 1048576K
Event: 3.867 GC heap after
Heap after GC invocations=10 (full 1):
 PSYoungGen      total 90624K, used 8432K [0x00000000e0000000, 0x00000000e8180000, 0x0000000100000000)
  eden space 78848K, 0% used [0x00000000e0000000,0x00000000e0000000,0x00000000e4d00000)
  from space 11776K, 71% used [0x00000000e4d00000,0x00000000e553c3f0,0x00000000e5880000)
  to   space 11776K, 0% used [0x00000000e7600000,0x00000000e7600000,0x00000000e8180000)
 ParOldGen       total 64512K, used 11835K [0x00000000a0000000, 0x00000000a3f00000, 0x00000000e0000000)
  object space 64512K, 18% used [0x00000000a0000000,0x00000000a0b8ef30,0x00000000a3f00000)
 Metaspace       used 34577K, capacity 35302K, committed 35416K, reserved 1079296K
  class space    used 4829K, capacity 5099K, committed 5120K, reserved 1048576K
}
Event: 3.867 GC heap before
{Heap before GC invocations=11 (full 2):
 PSYoungGen      total 90624K, used 8432K [0x00000000e0000000, 0x00000000e8180000, 0x0000000100000000)
  eden space 78848K, 0% used [0x00000000e0000000,0x00000000e0000000,0x00000000e4d00000)
  from space 11776K, 71% used [0x00000000e4d00000,0x00000000e553c3f0,0x00000000e5880000)
  to   space 11776K, 0% used [0x00000000e7600000,0x00000000e7600000,0x00000000e8180000)
 ParOldGen       total 64512K, used 11835K [0x00000000a0000000, 0x00000000a3f00000, 0x00000000e0000000)
  object space 64512K, 18% used [0x00000000a0000000,0x00000000a0b8ef30,0x00000000a3f00000)
 Metaspace       used 34577K, capacity 35302K, committed 35416K, reserved 1079296K
  class space    used 4829K, capacity 5099K, committed 5120K, reserved 1048576K
Event: 3.913 GC heap after
Heap after GC invocations=11 (full 2):
 PSYoungGen      total 90624K, used 0K [0x00000000e0000000, 0x00000000e8180000, 0x0000000100000000)
  eden space 78848K, 0% used [0x00000000e0000000,0x00000000e0000000,0x00000000e4d00000)
  from space 11776K, 0% used [0x00000000e4d00000,0x00000000e4d00000,0x00000000e5880000)
  to   space 11776K, 0% used [0x00000000e7600000,0x00000000e7600000,0x00000000e8180000)
 ParOldGen       total 96256K, used 17300K [0x00000000a0000000, 0x00000000a5e00000, 0x00000000e0000000)
  object space 96256K, 17% used [0x00000000a0000000,0x00000000a10e53e8,0x00000000a5e00000)
 Metaspace       used 34577K, capacity 35302K, committed 35416K, reserved 1079296K
  class space    used 4829K, capacity 5099K, committed 5120K, reserved 1048576K
}
Event: 4.498 GC heap before
{Heap before GC invocations=12 (full 2):
 PSYoungGen      total 90624K, used 78848K [0x00000000e0000000, 0x00000000e8180000, 0x0000000100000000)
  eden space 78848K, 100% used [0x00000000e0000000,0x00000000e4d00000,0x00000000e4d00000)
  from space 11776K, 0% used [0x00000000e4d00000,0x00000000e4d00000,0x00000000e5880000)
  to   space 11776K, 0% used [0x00000000e7600000,0x00000000e7600000,0x00000000e8180000)
 ParOldGen       total 96256K, used 17300K [0x00000000a0000000, 0x00000000a5e00000, 0x00000000e0000000)
  object space 96256K, 17% used [0x00000000a0000000,0x00000000a10e53e8,0x00000000a5e00000)
 Metaspace       used 41905K, capacity 42844K, committed 43136K, reserved 1087488K
  class space    used 5682K, capacity 6002K, committed 6016K, reserved 1048576K
Event: 4.510 GC heap after
Heap after GC invocations=12 (full 2):
 PSYoungGen      total 113664K, used 11770K [0x00000000e0000000, 0x00000000e8180000, 0x0000000100000000)
  eden space 101888K, 0% used [0x00000000e0000000,0x00000000e0000000,0x00000000e6380000)
  from space 11776K, 99% used [0x00000000e7600000,0x00000000e817ea78,0x00000000e8180000)
  to   space 13312K, 0% used [0x00000000e6780000,0x00000000e6780000,0x00000000e7480000)
 ParOldGen       total 96256K, used 17777K [0x00000000a0000000, 0x00000000a5e00000, 0x00000000e0000000)
  object space 96256K, 18% used [0x00000000a0000000,0x00000000a115c510,0x00000000a5e00000)
 Metaspace       used 41905K, capacity 42844K, committed 43136K, reserved 1087488K
  class space    used 5682K, capacity 6002K, committed 6016K, reserved 1048576K
}

