# JRE version: OpenJDK Runtime Environment (8.0_152-b01) (build 1.8.0_152-release-1343-b01)
# Java VM: OpenJDK 64-Bit Server VM (25.152-b01 mixed mode windows-amd64 compressed oops)
Heap:
 PSYoungGen      total 166912K, used 13859K [0x00000000e0000000, 0x00000000edb00000, 0x0000000100000000)
  eden space 156160K, 2% used [0x00000000e0000000,0x00000000e044fce0,0x00000000e9880000)
  from space 10752K, 87% used [0x00000000eb080000,0x00000000eb9b90d8,0x00000000ebb00000)
  to   space 24576K, 0% used [0x00000000e9880000,0x00000000e9880000,0x00000000eb080000)
 ParOldGen       total 151552K, used 74642K [0x00000000a0000000, 0x00000000a9400000, 0x00000000e0000000)
  object space 151552K, 49% used [0x00000000a0000000,0x00000000a48e4918,0x00000000a9400000)
 Metaspace       used 70114K, capacity 72440K, committed 72704K, reserved 1112064K
  class space    used 9280K, capacity 9911K, committed 9984K, reserved 1048576K
GC Heap History (10 events):
Event: 8.480 GC heap before
{Heap before GC invocations=15 (full 2):
 PSYoungGen      total 140800K, used 71704K [0x00000000e0000000, 0x00000000ea600000, 0x0000000100000000)
  eden space 126976K, 45% used [0x00000000e0000000,0x00000000e388bef8,0x00000000e7c00000)
  from space 13824K, 99% used [0x00000000e8b80000,0x00000000e98fa138,0x00000000e9900000)
  to   space 15872K, 0% used [0x00000000e7c00000,0x00000000e7c00000,0x00000000e8b80000)
 ParOldGen       total 96256K, used 26202K [0x00000000a0000000, 0x00000000a5e00000, 0x00000000e0000000)
  object space 96256K, 27% used [0x00000000a0000000,0x00000000a1996a98,0x00000000a5e00000)
 Metaspace       used 57045K, capacity 59000K, committed 59028K, reserved 1099776K
  class space    used 7866K, capacity 8438K, committed 8448K, reserved 1048576K
Event: 8.493 GC heap after
Heap after GC invocations=15 (full 2):
 PSYoungGen      total 142848K, used 6882K [0x00000000e0000000, 0x00000000ec000000, 0x0000000100000000)
  eden space 126976K, 0% used [0x00000000e0000000,0x00000000e0000000,0x00000000e7c00000)
  from space 15872K, 43% used [0x00000000e7c00000,0x00000000e82b8a40,0x00000000e8b80000)
  to   space 15872K, 0% used [0x00000000eb080000,0x00000000eb080000,0x00000000ec000000)
 ParOldGen       total 96256K, used 37202K [0x00000000a0000000, 0x00000000a5e00000, 0x00000000e0000000)
  object space 96256K, 38% used [0x00000000a0000000,0x00000000a2454ba0,0x00000000a5e00000)
 Metaspace       used 57045K, capacity 59000K, committed 59028K, reserved 1099776K
  class space    used 7866K, capacity 8438K, committed 8448K, reserved 1048576K
}
Event: 8.493 GC heap before
{Heap before GC invocations=16 (full 3):
 PSYoungGen      total 142848K, used 6882K [0x00000000e0000000, 0x00000000ec000000, 0x0000000100000000)
  eden space 126976K, 0% used [0x00000000e0000000,0x00000000e0000000,0x00000000e7c00000)
  from space 15872K, 43% used [0x00000000e7c00000,0x00000000e82b8a40,0x00000000e8b80000)
  to   space 15872K, 0% used [0x00000000eb080000,0x00000000eb080000,0x00000000ec000000)
 ParOldGen       total 96256K, used 37202K [0x00000000a0000000, 0x00000000a5e00000, 0x00000000e0000000)
  object space 96256K, 38% used [0x00000000a0000000,0x00000000a2454ba0,0x00000000a5e00000)
 Metaspace       used 57045K, capacity 59000K, committed 59028K, reserved 1099776K
  class space    used 7866K, capacity 8438K, committed 8448K, reserved 1048576K
Event: 8.745 GC heap after
Heap after GC invocations=16 (full 3):
 PSYoungGen      total 142848K, used 0K [0x00000000e0000000, 0x00000000ec000000, 0x0000000100000000)
  eden space 126976K, 0% used [0x00000000e0000000,0x00000000e0000000,0x00000000e7c00000)
  from space 15872K, 0% used [0x00000000e7c00000,0x00000000e7c00000,0x00000000e8b80000)
  to   space 15872K, 0% used [0x00000000eb080000,0x00000000eb080000,0x00000000ec000000)
 ParOldGen       total 151552K, used 39286K [0x00000000a0000000, 0x00000000a9400000, 0x00000000e0000000)
  object space 151552K, 25% used [0x00000000a0000000,0x00000000a265d818,0x00000000a9400000)
 Metaspace       used 57045K, capacity 59000K, committed 59028K, reserved 1099776K
  class space    used 7866K, capacity 8438K, committed 8448K, reserved 1048576K
}
Event: 11.883 GC heap before
{Heap before GC invocations=17 (full 3):
 PSYoungGen      total 142848K, used 126976K [0x00000000e0000000, 0x00000000ec000000, 0x0000000100000000)
  eden space 126976K, 100% used [0x00000000e0000000,0x00000000e7c00000,0x00000000e7c00000)
  from space 15872K, 0% used [0x00000000e7c00000,0x00000000e7c00000,0x00000000e8b80000)
  to   space 15872K, 0% used [0x00000000eb080000,0x00000000eb080000,0x00000000ec000000)
 ParOldGen       total 151552K, used 39286K [0x00000000a0000000, 0x00000000a9400000, 0x00000000e0000000)
  object space 151552K, 25% used [0x00000000a0000000,0x00000000a265d818,0x00000000a9400000)
 Metaspace       used 61851K, capacity 63872K, committed 64128K, reserved 1103872K
  class space    used 8437K, capacity 9002K, committed 9088K, reserved 1048576K
Event: 11.892 GC heap after
Heap after GC invocations=17 (full 3):
 PSYoungGen      total 160768K, used 10560K [0x00000000e0000000, 0x00000000ebb00000, 0x0000000100000000)
  eden space 150016K, 0% used [0x00000000e0000000,0x00000000e0000000,0x00000000e9280000)
  from space 10752K, 98% used [0x00000000eb080000,0x00000000ebad02d8,0x00000000ebb00000)
  to   space 15872K, 0% used [0x00000000e9c00000,0x00000000e9c00000,0x00000000eab80000)
 ParOldGen       total 151552K, used 39302K [0x00000000a0000000, 0x00000000a9400000, 0x00000000e0000000)
  object space 151552K, 25% used [0x00000000a0000000,0x00000000a2661818,0x00000000a9400000)
 Metaspace       used 61851K, capacity 63872K, committed 64128K, reserved 1103872K
  class space    used 8437K, capacity 9002K, committed 9088K, reserved 1048576K
}
Event: 13.359 GC heap before
{Heap before GC invocations=18 (full 3):
 PSYoungGen      total 160768K, used 160144K [0x00000000e0000000, 0x00000000ebb00000, 0x0000000100000000)
  eden space 150016K, 99% used [0x00000000e0000000,0x00000000e92140f8,0x00000000e9280000)
  from space 10752K, 98% used [0x00000000eb080000,0x00000000ebad02d8,0x00000000ebb00000)
  to   space 15872K, 0% used [0x00000000e9c00000,0x00000000e9c00000,0x00000000eab80000)
 ParOldGen       total 151552K, used 39302K [0x00000000a0000000, 0x00000000a9400000, 0x00000000e0000000)
  object space 151552K, 25% used [0x00000000a0000000,0x00000000a2661818,0x00000000a9400000)
 Metaspace       used 66006K, capacity 68108K, committed 68480K, reserved 1107968K
  class space    used 8965K, capacity 9543K, committed 9600K, reserved 1048576K
Event: 13.392 GC heap after
Heap after GC invocations=18 (full 3):
 PSYoungGen      total 165888K, used 15869K [0x00000000e0000000, 0x00000000ebb00000, 0x0000000100000000)
  eden space 150016K, 0% used [0x00000000e0000000,0x00000000e0000000,0x00000000e9280000)
  from space 15872K, 99% used [0x00000000e9c00000,0x00000000eab7f758,0x00000000eab80000)
  to   space 10752K, 0% used [0x00000000eb080000,0x00000000eb080000,0x00000000ebb00000)
 ParOldGen       total 151552K, used 60108K [0x00000000a0000000, 0x00000000a9400000, 0x00000000e0000000)
  object space 151552K, 39% used [0x00000000a0000000,0x00000000a3ab3218,0x00000000a9400000)
 Metaspace       used 66006K, capacity 68108K, committed 68480K, reserved 1107968K
  class space    used 8965K, capacity 9543K, committed 9600K, reserved 1048576K
}
Event: 87.292 GC heap before
{Heap before GC invocations=19 (full 3):
 PSYoungGen      total 165888K, used 165885K [0x00000000e0000000, 0x00000000ebb00000, 0x0000000100000000)
  eden space 150016K, 100% used [0x00000000e0000000,0x00000000e9280000,0x00000000e9280000)
  from space 15872K, 99% used [0x00000000e9c00000,0x00000000eab7f758,0x00000000eab80000)
  to   space 10752K, 0% used [0x00000000eb080000,0x00000000eb080000,0x00000000ebb00000)
 ParOldGen       total 151552K, used 60108K [0x00000000a0000000, 0x00000000a9400000, 0x00000000e0000000)
  object space 151552K, 39% used [0x00000000a0000000,0x00000000a3ab3218,0x00000000a9400000)
 Metaspace       used 70109K, capacity 72440K, committed 72704K, reserved 1112064K
  class space    used 9280K, capacity 9911K, committed 9984K, reserved 1048576K
Event: 87.327 GC heap after
Heap after GC invocations=19 (full 3):
 PSYoungGen      total 166912K, used 9444K [0x00000000e0000000, 0x00000000edb00000, 0x0000000100000000)
  eden space 156160K, 0% used [0x00000000e0000000,0x00000000e0000000,0x00000000e9880000)
  from space 10752K, 87% used [0x00000000eb080000,0x00000000eb9b90d8,0x00000000ebb00000)
  to   space 24576K, 0% used [0x00000000e9880000,0x00000000e9880000,0x00000000eb080000)
 ParOldGen       total 151552K, used 74642K [0x00000000a0000000, 0x00000000a9400000, 0x00000000e0000000)
  object space 151552K, 49% used [0x00000000a0000000,0x00000000a48e4918,0x00000000a9400000)
 Metaspace       used 70109K, capacity 72440K, committed 72704K, reserved 1112064K
  class space    used 9280K, capacity 9911K, committed 9984K, reserved 1048576K
}

