# JRE version: OpenJDK Runtime Environment (8.0_152-b06) (build 1.8.0_152-release-1136-b06)
# Java VM: OpenJDK 64-Bit Server VM (25.152-b06 mixed mode windows-amd64 compressed oops)
Heap:
 PSYoungGen      total 282112K, used 191653K [0x00000000e0000000, 0x00000000f3800000, 0x0000000100000000)
  eden space 253952K, 73% used [0x00000000e0000000,0x00000000eb5f4490,0x00000000ef800000)
  from space 28160K, 18% used [0x00000000ef800000,0x00000000efd350d8,0x00000000f1380000)
  to   space 27136K, 0% used [0x00000000f1380000,0x00000000f1380000,0x00000000f2e00000)
 ParOldGen       total 153088K, used 92882K [0x00000000a0000000, 0x00000000a9580000, 0x00000000e0000000)
  object space 153088K, 60% used [0x00000000a0000000,0x00000000a5ab4a20,0x00000000a9580000)
 Metaspace       used 68322K, capacity 70424K, committed 70656K, reserved 1112064K
  class space    used 8943K, capacity 9431K, committed 9472K, reserved 1048576K
GC Heap History (10 events):
Event: 24.595 GC heap before
{Heap before GC invocations=18 (full 3):
 PSYoungGen      total 172032K, used 171655K [0x00000000e0000000, 0x00000000ecb00000, 0x0000000100000000)
  eden space 163840K, 100% used [0x00000000e0000000,0x00000000ea000000,0x00000000ea000000)
  from space 8192K, 95% used [0x00000000ec300000,0x00000000ecaa1d30,0x00000000ecb00000)
  to   space 18432K, 0% used [0x00000000ea700000,0x00000000ea700000,0x00000000eb900000)
 ParOldGen       total 153088K, used 47022K [0x00000000a0000000, 0x00000000a9580000, 0x00000000e0000000)
  object space 153088K, 30% used [0x00000000a0000000,0x00000000a2deb818,0x00000000a9580000)
 Metaspace       used 65319K, capacity 66988K, committed 67200K, reserved 1107968K
  class space    used 8585K, capacity 9011K, committed 9088K, reserved 1048576K
Event: 24.638 GC heap after
Heap after GC invocations=18 (full 3):
 PSYoungGen      total 189440K, used 18429K [0x00000000e0000000, 0x00000000ef780000, 0x0000000100000000)
  eden space 171008K, 0% used [0x00000000e0000000,0x00000000e0000000,0x00000000ea700000)
  from space 18432K, 99% used [0x00000000ea700000,0x00000000eb8ff5b8,0x00000000eb900000)
  to   space 29184K, 0% used [0x00000000edb00000,0x00000000edb00000,0x00000000ef780000)
 ParOldGen       total 153088K, used 69457K [0x00000000a0000000, 0x00000000a9580000, 0x00000000e0000000)
  object space 153088K, 45% used [0x00000000a0000000,0x00000000a43d4698,0x00000000a9580000)
 Metaspace       used 65319K, capacity 66988K, committed 67200K, reserved 1107968K
  class space    used 8585K, capacity 9011K, committed 9088K, reserved 1048576K
}
Event: 28.091 GC heap before
{Heap before GC invocations=19 (full 3):
 PSYoungGen      total 189440K, used 188966K [0x00000000e0000000, 0x00000000ef780000, 0x0000000100000000)
  eden space 171008K, 99% used [0x00000000e0000000,0x00000000ea68a390,0x00000000ea700000)
  from space 18432K, 99% used [0x00000000ea700000,0x00000000eb8ff5b8,0x00000000eb900000)
  to   space 29184K, 0% used [0x00000000edb00000,0x00000000edb00000,0x00000000ef780000)
 ParOldGen       total 153088K, used 69457K [0x00000000a0000000, 0x00000000a9580000, 0x00000000e0000000)
  object space 153088K, 45% used [0x00000000a0000000,0x00000000a43d4698,0x00000000a9580000)
 Metaspace       used 67308K, capacity 69134K, committed 69248K, reserved 1110016K
  class space    used 8817K, capacity 9262K, committed 9344K, reserved 1048576K
Event: 28.112 GC heap after
Heap after GC invocations=19 (full 3):
 PSYoungGen      total 224768K, used 15533K [0x00000000e0000000, 0x00000000efd00000, 0x0000000100000000)
  eden space 195584K, 0% used [0x00000000e0000000,0x00000000e0000000,0x00000000ebf00000)
  from space 29184K, 53% used [0x00000000edb00000,0x00000000eea2b610,0x00000000ef780000)
  to   space 28672K, 0% used [0x00000000ebf00000,0x00000000ebf00000,0x00000000edb00000)
 ParOldGen       total 153088K, used 82095K [0x00000000a0000000, 0x00000000a9580000, 0x00000000e0000000)
  object space 153088K, 53% used [0x00000000a0000000,0x00000000a502bd38,0x00000000a9580000)
 Metaspace       used 67308K, capacity 69134K, committed 69248K, reserved 1110016K
  class space    used 8817K, capacity 9262K, committed 9344K, reserved 1048576K
}
Event: 28.137 GC heap before
{Heap before GC invocations=20 (full 3):
 PSYoungGen      total 224768K, used 210247K [0x00000000e0000000, 0x00000000efd00000, 0x0000000100000000)
  eden space 195584K, 99% used [0x00000000e0000000,0x00000000ebe26838,0x00000000ebf00000)
  from space 29184K, 53% used [0x00000000edb00000,0x00000000eea2b610,0x00000000ef780000)
  to   space 28672K, 0% used [0x00000000ebf00000,0x00000000ebf00000,0x00000000edb00000)
 ParOldGen       total 153088K, used 82095K [0x00000000a0000000, 0x00000000a9580000, 0x00000000e0000000)
  object space 153088K, 53% used [0x00000000a0000000,0x00000000a502bd38,0x00000000a9580000)
 Metaspace       used 67316K, capacity 69134K, committed 69248K, reserved 1110016K
  class space    used 8817K, capacity 9262K, committed 9344K, reserved 1048576K
Event: 28.144 GC heap after
Heap after GC invocations=20 (full 3):
 PSYoungGen      total 224256K, used 13016K [0x00000000e0000000, 0x00000000f2e00000, 0x0000000100000000)
  eden space 195584K, 0% used [0x00000000e0000000,0x00000000e0000000,0x00000000ebf00000)
  from space 28672K, 45% used [0x00000000ebf00000,0x00000000ecbb6028,0x00000000edb00000)
  to   space 27136K, 0% used [0x00000000f1380000,0x00000000f1380000,0x00000000f2e00000)
 ParOldGen       total 153088K, used 82103K [0x00000000a0000000, 0x00000000a9580000, 0x00000000e0000000)
  object space 153088K, 53% used [0x00000000a0000000,0x00000000a502dd38,0x00000000a9580000)
 Metaspace       used 67316K, capacity 69134K, committed 69248K, reserved 1110016K
  class space    used 8817K, capacity 9262K, committed 9344K, reserved 1048576K
}
Event: 28.164 GC heap before
{Heap before GC invocations=21 (full 3):
 PSYoungGen      total 224256K, used 207909K [0x00000000e0000000, 0x00000000f2e00000, 0x0000000100000000)
  eden space 195584K, 99% used [0x00000000e0000000,0x00000000ebe53670,0x00000000ebf00000)
  from space 28672K, 45% used [0x00000000ebf00000,0x00000000ecbb6028,0x00000000edb00000)
  to   space 27136K, 0% used [0x00000000f1380000,0x00000000f1380000,0x00000000f2e00000)
 ParOldGen       total 153088K, used 82103K [0x00000000a0000000, 0x00000000a9580000, 0x00000000e0000000)
  object space 153088K, 53% used [0x00000000a0000000,0x00000000a502dd38,0x00000000a9580000)
 Metaspace       used 67322K, capacity 69134K, committed 69248K, reserved 1110016K
  class space    used 8817K, capacity 9262K, committed 9344K, reserved 1048576K
Event: 28.173 GC heap after
Heap after GC invocations=21 (full 3):
 PSYoungGen      total 281088K, used 32K [0x00000000e0000000, 0x00000000f3800000, 0x0000000100000000)
  eden space 253952K, 0% used [0x00000000e0000000,0x00000000e0000000,0x00000000ef800000)
  from space 27136K, 0% used [0x00000000f1380000,0x00000000f1388000,0x00000000f2e00000)
  to   space 28160K, 0% used [0x00000000ef800000,0x00000000ef800000,0x00000000f1380000)
 ParOldGen       total 153088K, used 92842K [0x00000000a0000000, 0x00000000a9580000, 0x00000000e0000000)
  object space 153088K, 60% used [0x00000000a0000000,0x00000000a5aaaa20,0x00000000a9580000)
 Metaspace       used 67322K, capacity 69134K, committed 69248K, reserved 1110016K
  class space    used 8817K, capacity 9262K, committed 9344K, reserved 1048576K
}
Event: 34.815 GC heap before
{Heap before GC invocations=22 (full 3):
 PSYoungGen      total 281088K, used 253984K [0x00000000e0000000, 0x00000000f3800000, 0x0000000100000000)
  eden space 253952K, 100% used [0x00000000e0000000,0x00000000ef800000,0x00000000ef800000)
  from space 27136K, 0% used [0x00000000f1380000,0x00000000f1388000,0x00000000f2e00000)
  to   space 28160K, 0% used [0x00000000ef800000,0x00000000ef800000,0x00000000f1380000)
 ParOldGen       total 153088K, used 92842K [0x00000000a0000000, 0x00000000a9580000, 0x00000000e0000000)
  object space 153088K, 60% used [0x00000000a0000000,0x00000000a5aaaa20,0x00000000a9580000)
 Metaspace       used 68162K, capacity 70246K, committed 70400K, reserved 1110016K
  class space    used 8932K, capacity 9422K, committed 9472K, reserved 1048576K
Event: 34.821 GC heap after
Heap after GC invocations=22 (full 3):
 PSYoungGen      total 282112K, used 5332K [0x00000000e0000000, 0x00000000f3800000, 0x0000000100000000)
  eden space 253952K, 0% used [0x00000000e0000000,0x00000000e0000000,0x00000000ef800000)
  from space 28160K, 18% used [0x00000000ef800000,0x00000000efd350d8,0x00000000f1380000)
  to   space 27136K, 0% used [0x00000000f1380000,0x00000000f1380000,0x00000000f2e00000)
 ParOldGen       total 153088K, used 92882K [0x00000000a0000000, 0x00000000a9580000, 0x00000000e0000000)
  object space 153088K, 60% used [0x00000000a0000000,0x00000000a5ab4a20,0x00000000a9580000)
 Metaspace       used 68162K, capacity 70246K, committed 70400K, reserved 1110016K
  class space    used 8932K, capacity 9422K, committed 9472K, reserved 1048576K
}

