# JRE version: OpenJDK Runtime Environment (8.0_152-b06) (build 1.8.0_152-release-1136-b06)
# Java VM: OpenJDK 64-Bit Server VM (25.152-b06 mixed mode windows-amd64 compressed oops)
Heap:
 PSYoungGen      total 116736K, used 82499K [0x00000000e0000000, 0x00000000e8380000, 0x0000000100000000)
  eden space 104960K, 67% used [0x00000000e0000000,0x00000000e4511c30,0x00000000e6680000)
  from space 11776K, 99% used [0x00000000e6c80000,0x00000000e77ff300,0x00000000e7800000)
  to   space 8704K, 0% used [0x00000000e7b00000,0x00000000e7b00000,0x00000000e8380000)
 ParOldGen       total 95744K, used 23404K [0x00000000a0000000, 0x00000000a5d80000, 0x00000000e0000000)
  object space 95744K, 24% used [0x00000000a0000000,0x00000000a16db0d0,0x00000000a5d80000)
 Metaspace       used 50906K, capacity 52376K, committed 52608K, reserved 1095680K
  class space    used 6863K, capacity 7262K, committed 7296K, reserved 1048576K
GC Heap History (10 events):
Event: 4.433 GC heap before
{Heap before GC invocations=9 (full 1):
 PSYoungGen      total 70144K, used 66258K [0x00000000e0000000, 0x00000000e6680000, 0x0000000100000000)
  eden space 59392K, 100% used [0x00000000e0000000,0x00000000e3a00000,0x00000000e3a00000)
  from space 10752K, 63% used [0x00000000e3a00000,0x00000000e40b4990,0x00000000e4480000)
  to   space 10240K, 0% used [0x00000000e5c80000,0x00000000e5c80000,0x00000000e6680000)
 ParOldGen       total 59904K, used 8597K [0x00000000a0000000, 0x00000000a3a80000, 0x00000000e0000000)
  object space 59904K, 14% used [0x00000000a0000000,0x00000000a0865578,0x00000000a3a80000)
 Metaspace       used 30721K, capacity 31452K, committed 31744K, reserved 1077248K
  class space    used 4313K, capacity 4549K, committed 4608K, reserved 1048576K
Event: 4.440 GC heap after
Heap after GC invocations=9 (full 1):
 PSYoungGen      total 93696K, used 9981K [0x00000000e0000000, 0x00000000e7200000, 0x0000000100000000)
  eden space 83456K, 0% used [0x00000000e0000000,0x00000000e0000000,0x00000000e5180000)
  from space 10240K, 97% used [0x00000000e5c80000,0x00000000e663f700,0x00000000e6680000)
  to   space 11264K, 0% used [0x00000000e5180000,0x00000000e5180000,0x00000000e5c80000)
 ParOldGen       total 59904K, used 8605K [0x00000000a0000000, 0x00000000a3a80000, 0x00000000e0000000)
  object space 59904K, 14% used [0x00000000a0000000,0x00000000a0867578,0x00000000a3a80000)
 Metaspace       used 30721K, capacity 31452K, committed 31744K, reserved 1077248K
  class space    used 4313K, capacity 4549K, committed 4608K, reserved 1048576K
}
Event: 4.876 GC heap before
{Heap before GC invocations=10 (full 1):
 PSYoungGen      total 93696K, used 40675K [0x00000000e0000000, 0x00000000e7200000, 0x0000000100000000)
  eden space 83456K, 36% used [0x00000000e0000000,0x00000000e1df9850,0x00000000e5180000)
  from space 10240K, 97% used [0x00000000e5c80000,0x00000000e663f700,0x00000000e6680000)
  to   space 11264K, 0% used [0x00000000e5180000,0x00000000e5180000,0x00000000e5c80000)
 ParOldGen       total 59904K, used 8605K [0x00000000a0000000, 0x00000000a3a80000, 0x00000000e0000000)
  object space 59904K, 14% used [0x00000000a0000000,0x00000000a0867578,0x00000000a3a80000)
 Metaspace       used 34407K, capacity 35334K, committed 35416K, reserved 1079296K
  class space    used 4828K, capacity 5120K, committed 5120K, reserved 1048576K
Event: 4.884 GC heap after
Heap after GC invocations=10 (full 1):
 PSYoungGen      total 94720K, used 9090K [0x00000000e0000000, 0x00000000e8680000, 0x0000000100000000)
  eden space 83456K, 0% used [0x00000000e0000000,0x00000000e0000000,0x00000000e5180000)
  from space 11264K, 80% used [0x00000000e5180000,0x00000000e5a60a78,0x00000000e5c80000)
  to   space 11776K, 0% used [0x00000000e7b00000,0x00000000e7b00000,0x00000000e8680000)
 ParOldGen       total 59904K, used 10277K [0x00000000a0000000, 0x00000000a3a80000, 0x00000000e0000000)
  object space 59904K, 17% used [0x00000000a0000000,0x00000000a0a09428,0x00000000a3a80000)
 Metaspace       used 34407K, capacity 35334K, committed 35416K, reserved 1079296K
  class space    used 4828K, capacity 5120K, committed 5120K, reserved 1048576K
}
Event: 4.884 GC heap before
{Heap before GC invocations=11 (full 2):
 PSYoungGen      total 94720K, used 9090K [0x00000000e0000000, 0x00000000e8680000, 0x0000000100000000)
  eden space 83456K, 0% used [0x00000000e0000000,0x00000000e0000000,0x00000000e5180000)
  from space 11264K, 80% used [0x00000000e5180000,0x00000000e5a60a78,0x00000000e5c80000)
  to   space 11776K, 0% used [0x00000000e7b00000,0x00000000e7b00000,0x00000000e8680000)
 ParOldGen       total 59904K, used 10277K [0x00000000a0000000, 0x00000000a3a80000, 0x00000000e0000000)
  object space 59904K, 17% used [0x00000000a0000000,0x00000000a0a09428,0x00000000a3a80000)
 Metaspace       used 34407K, capacity 35334K, committed 35416K, reserved 1079296K
  class space    used 4828K, capacity 5120K, committed 5120K, reserved 1048576K
Event: 4.944 GC heap after
Heap after GC invocations=11 (full 2):
 PSYoungGen      total 94720K, used 0K [0x00000000e0000000, 0x00000000e8680000, 0x0000000100000000)
  eden space 83456K, 0% used [0x00000000e0000000,0x00000000e0000000,0x00000000e5180000)
  from space 11264K, 0% used [0x00000000e5180000,0x00000000e5180000,0x00000000e5c80000)
  to   space 11776K, 0% used [0x00000000e7b00000,0x00000000e7b00000,0x00000000e8680000)
 ParOldGen       total 95744K, used 17335K [0x00000000a0000000, 0x00000000a5d80000, 0x00000000e0000000)
  object space 95744K, 18% used [0x00000000a0000000,0x00000000a10edcb0,0x00000000a5d80000)
 Metaspace       used 34407K, capacity 35334K, committed 35416K, reserved 1079296K
  class space    used 4828K, capacity 5120K, committed 5120K, reserved 1048576K
}
Event: 5.618 GC heap before
{Heap before GC invocations=12 (full 2):
 PSYoungGen      total 94720K, used 83456K [0x00000000e0000000, 0x00000000e8680000, 0x0000000100000000)
  eden space 83456K, 100% used [0x00000000e0000000,0x00000000e5180000,0x00000000e5180000)
  from space 11264K, 0% used [0x00000000e5180000,0x00000000e5180000,0x00000000e5c80000)
  to   space 11776K, 0% used [0x00000000e7b00000,0x00000000e7b00000,0x00000000e8680000)
 ParOldGen       total 95744K, used 17335K [0x00000000a0000000, 0x00000000a5d80000, 0x00000000e0000000)
  object space 95744K, 18% used [0x00000000a0000000,0x00000000a10edcb0,0x00000000a5d80000)
 Metaspace       used 39908K, capacity 40886K, committed 41216K, reserved 1085440K
  class space    used 5470K, capacity 5794K, committed 5888K, reserved 1048576K
Event: 5.628 GC heap after
Heap after GC invocations=12 (full 2):
 PSYoungGen      total 113664K, used 8599K [0x00000000e0000000, 0x00000000e8380000, 0x0000000100000000)
  eden space 104960K, 0% used [0x00000000e0000000,0x00000000e0000000,0x00000000e6680000)
  from space 8704K, 98% used [0x00000000e7b00000,0x00000000e8365d28,0x00000000e8380000)
  to   space 11776K, 0% used [0x00000000e6c80000,0x00000000e6c80000,0x00000000e7800000)
 ParOldGen       total 95744K, used 17343K [0x00000000a0000000, 0x00000000a5d80000, 0x00000000e0000000)
  object space 95744K, 18% used [0x00000000a0000000,0x00000000a10efcb0,0x00000000a5d80000)
 Metaspace       used 39908K, capacity 40886K, committed 41216K, reserved 1085440K
  class space    used 5470K, capacity 5794K, committed 5888K, reserved 1048576K
}
Event: 6.611 GC heap before
{Heap before GC invocations=13 (full 2):
 PSYoungGen      total 113664K, used 113559K [0x00000000e0000000, 0x00000000e8380000, 0x0000000100000000)
  eden space 104960K, 100% used [0x00000000e0000000,0x00000000e6680000,0x00000000e6680000)
  from space 8704K, 98% used [0x00000000e7b00000,0x00000000e8365d28,0x00000000e8380000)
  to   space 11776K, 0% used [0x00000000e6c80000,0x00000000e6c80000,0x00000000e7800000)
 ParOldGen       total 95744K, used 17343K [0x00000000a0000000, 0x00000000a5d80000, 0x00000000e0000000)
  object space 95744K, 18% used [0x00000000a0000000,0x00000000a10efcb0,0x00000000a5d80000)
 Metaspace       used 45894K, capacity 47150K, committed 47488K, reserved 1089536K
  class space    used 6291K, capacity 6675K, committed 6784K, reserved 1048576K
Event: 6.627 GC heap after
Heap after GC invocations=13 (full 2):
 PSYoungGen      total 116736K, used 11772K [0x00000000e0000000, 0x00000000e8380000, 0x0000000100000000)
  eden space 104960K, 0% used [0x00000000e0000000,0x00000000e0000000,0x00000000e6680000)
  from space 11776K, 99% used [0x00000000e6c80000,0x00000000e77ff300,0x00000000e7800000)
  to   space 8704K, 0% used [0x00000000e7b00000,0x00000000e7b00000,0x00000000e8380000)
 ParOldGen       total 95744K, used 23404K [0x00000000a0000000, 0x00000000a5d80000, 0x00000000e0000000)
  object space 95744K, 24% used [0x00000000a0000000,0x00000000a16db0d0,0x00000000a5d80000)
 Metaspace       used 45894K, capacity 47150K, committed 47488K, reserved 1089536K
  class space    used 6291K, capacity 6675K, committed 6784K, reserved 1048576K
}

