# JRE version: OpenJDK Runtime Environment (8.0_152-b06) (build 1.8.0_152-release-1136-b06)
# Java VM: OpenJDK 64-Bit Server VM (25.152-b06 mixed mode windows-amd64 compressed oops)
Heap:
 PSYoungGen      total 273920K, used 125648K [0x00000000e0000000, 0x00000000f4f00000, 0x0000000100000000)
  eden space 252416K, 47% used [0x00000000e0000000,0x00000000e7420470,0x00000000ef680000)
  from space 21504K, 31% used [0x00000000f0f80000,0x00000000f1613e98,0x00000000f2480000)
  to   space 25600K, 0% used [0x00000000ef680000,0x00000000ef680000,0x00000000f0f80000)
 ParOldGen       total 169984K, used 57823K [0x00000000a0000000, 0x00000000aa600000, 0x00000000e0000000)
  object space 169984K, 34% used [0x00000000a0000000,0x00000000a3877e60,0x00000000aa600000)
 Metaspace       used 72925K, capacity 76790K, committed 76928K, reserved 1116160K
  class space    used 9595K, capacity 10316K, committed 10368K, reserved 1048576K
GC Heap History (10 events):
Event: 19.048 GC heap before
{Heap before GC invocations=23 (full 3):
 PSYoungGen      total 272384K, used 255004K [0x00000000e0000000, 0x00000000f2480000, 0x0000000100000000)
  eden space 245248K, 100% used [0x00000000e0000000,0x00000000eef80000,0x00000000eef80000)
  from space 27136K, 35% used [0x00000000eef80000,0x00000000ef907170,0x00000000f0a00000)
  to   space 21504K, 0% used [0x00000000f0f80000,0x00000000f0f80000,0x00000000f2480000)
 ParOldGen       total 169984K, used 52930K [0x00000000a0000000, 0x00000000aa600000, 0x00000000e0000000)
  object space 169984K, 31% used [0x00000000a0000000,0x00000000a33b0850,0x00000000aa600000)
 Metaspace       used 72771K, capacity 76650K, committed 76928K, reserved 1116160K
  class space    used 9592K, capacity 10314K, committed 10368K, reserved 1048576K
Event: 19.058 GC heap after
Heap after GC invocations=23 (full 3):
 PSYoungGen      total 266752K, used 9559K [0x00000000e0000000, 0x00000000f2480000, 0x0000000100000000)
  eden space 245248K, 0% used [0x00000000e0000000,0x00000000e0000000,0x00000000eef80000)
  from space 21504K, 44% used [0x00000000f0f80000,0x00000000f18d5d30,0x00000000f2480000)
  to   space 27136K, 0% used [0x00000000eef80000,0x00000000eef80000,0x00000000f0a00000)
 ParOldGen       total 169984K, used 53002K [0x00000000a0000000, 0x00000000aa600000, 0x00000000e0000000)
  object space 169984K, 31% used [0x00000000a0000000,0x00000000a33c2850,0x00000000aa600000)
 Metaspace       used 72771K, capacity 76650K, committed 76928K, reserved 1116160K
  class space    used 9592K, capacity 10314K, committed 10368K, reserved 1048576K
}
Event: 19.469 GC heap before
{Heap before GC invocations=24 (full 3):
 PSYoungGen      total 266752K, used 254807K [0x00000000e0000000, 0x00000000f2480000, 0x0000000100000000)
  eden space 245248K, 100% used [0x00000000e0000000,0x00000000eef80000,0x00000000eef80000)
  from space 21504K, 44% used [0x00000000f0f80000,0x00000000f18d5d30,0x00000000f2480000)
  to   space 27136K, 0% used [0x00000000eef80000,0x00000000eef80000,0x00000000f0a00000)
 ParOldGen       total 169984K, used 53002K [0x00000000a0000000, 0x00000000aa600000, 0x00000000e0000000)
  object space 169984K, 31% used [0x00000000a0000000,0x00000000a33c2850,0x00000000aa600000)
 Metaspace       used 72845K, capacity 76722K, committed 76928K, reserved 1116160K
  class space    used 9593K, capacity 10316K, committed 10368K, reserved 1048576K
Event: 19.480 GC heap after
Heap after GC invocations=24 (full 3):
 PSYoungGen      total 272384K, used 9046K [0x00000000e0000000, 0x00000000f2480000, 0x0000000100000000)
  eden space 245248K, 0% used [0x00000000e0000000,0x00000000e0000000,0x00000000eef80000)
  from space 27136K, 33% used [0x00000000eef80000,0x00000000ef855998,0x00000000f0a00000)
  to   space 21504K, 0% used [0x00000000f0f80000,0x00000000f0f80000,0x00000000f2480000)
 ParOldGen       total 169984K, used 53050K [0x00000000a0000000, 0x00000000aa600000, 0x00000000e0000000)
  object space 169984K, 31% used [0x00000000a0000000,0x00000000a33ce850,0x00000000aa600000)
 Metaspace       used 72845K, capacity 76722K, committed 76928K, reserved 1116160K
  class space    used 9593K, capacity 10316K, committed 10368K, reserved 1048576K
}
Event: 19.757 GC heap before
{Heap before GC invocations=25 (full 3):
 PSYoungGen      total 272384K, used 254294K [0x00000000e0000000, 0x00000000f2480000, 0x0000000100000000)
  eden space 245248K, 100% used [0x00000000e0000000,0x00000000eef80000,0x00000000eef80000)
  from space 27136K, 33% used [0x00000000eef80000,0x00000000ef855998,0x00000000f0a00000)
  to   space 21504K, 0% used [0x00000000f0f80000,0x00000000f0f80000,0x00000000f2480000)
 ParOldGen       total 169984K, used 53050K [0x00000000a0000000, 0x00000000aa600000, 0x00000000e0000000)
  object space 169984K, 31% used [0x00000000a0000000,0x00000000a33ce850,0x00000000aa600000)
 Metaspace       used 72871K, capacity 76726K, committed 76928K, reserved 1116160K
  class space    used 9595K, capacity 10316K, committed 10368K, reserved 1048576K
Event: 19.771 GC heap after
Heap after GC invocations=25 (full 3):
 PSYoungGen      total 266752K, used 9096K [0x00000000e0000000, 0x00000000f2480000, 0x0000000100000000)
  eden space 245248K, 0% used [0x00000000e0000000,0x00000000e0000000,0x00000000eef80000)
  from space 21504K, 42% used [0x00000000f0f80000,0x00000000f1862078,0x00000000f2480000)
  to   space 27136K, 0% used [0x00000000eef80000,0x00000000eef80000,0x00000000f0a00000)
 ParOldGen       total 169984K, used 56867K [0x00000000a0000000, 0x00000000aa600000, 0x00000000e0000000)
  object space 169984K, 33% used [0x00000000a0000000,0x00000000a3788e50,0x00000000aa600000)
 Metaspace       used 72871K, capacity 76726K, committed 76928K, reserved 1116160K
  class space    used 9595K, capacity 10316K, committed 10368K, reserved 1048576K
}
Event: 20.237 GC heap before
{Heap before GC invocations=26 (full 3):
 PSYoungGen      total 266752K, used 254344K [0x00000000e0000000, 0x00000000f2480000, 0x0000000100000000)
  eden space 245248K, 100% used [0x00000000e0000000,0x00000000eef80000,0x00000000eef80000)
  from space 21504K, 42% used [0x00000000f0f80000,0x00000000f1862078,0x00000000f2480000)
  to   space 27136K, 0% used [0x00000000eef80000,0x00000000eef80000,0x00000000f0a00000)
 ParOldGen       total 169984K, used 56867K [0x00000000a0000000, 0x00000000aa600000, 0x00000000e0000000)
  object space 169984K, 33% used [0x00000000a0000000,0x00000000a3788e50,0x00000000aa600000)
 Metaspace       used 72902K, capacity 76726K, committed 76928K, reserved 1116160K
  class space    used 9595K, capacity 10316K, committed 10368K, reserved 1048576K
Event: 20.244 GC heap after
Heap after GC invocations=26 (full 3):
 PSYoungGen      total 272384K, used 3861K [0x00000000e0000000, 0x00000000f2480000, 0x0000000100000000)
  eden space 245248K, 0% used [0x00000000e0000000,0x00000000e0000000,0x00000000eef80000)
  from space 27136K, 14% used [0x00000000eef80000,0x00000000ef3457e8,0x00000000f0a00000)
  to   space 21504K, 0% used [0x00000000f0f80000,0x00000000f0f80000,0x00000000f2480000)
 ParOldGen       total 169984K, used 57775K [0x00000000a0000000, 0x00000000aa600000, 0x00000000e0000000)
  object space 169984K, 33% used [0x00000000a0000000,0x00000000a386be60,0x00000000aa600000)
 Metaspace       used 72902K, capacity 76726K, committed 76928K, reserved 1116160K
  class space    used 9595K, capacity 10316K, committed 10368K, reserved 1048576K
}
Event: 20.530 GC heap before
{Heap before GC invocations=27 (full 3):
 PSYoungGen      total 272384K, used 249109K [0x00000000e0000000, 0x00000000f2480000, 0x0000000100000000)
  eden space 245248K, 100% used [0x00000000e0000000,0x00000000eef80000,0x00000000eef80000)
  from space 27136K, 14% used [0x00000000eef80000,0x00000000ef3457e8,0x00000000f0a00000)
  to   space 21504K, 0% used [0x00000000f0f80000,0x00000000f0f80000,0x00000000f2480000)
 ParOldGen       total 169984K, used 57775K [0x00000000a0000000, 0x00000000aa600000, 0x00000000e0000000)
  object space 169984K, 33% used [0x00000000a0000000,0x00000000a386be60,0x00000000aa600000)
 Metaspace       used 72919K, capacity 76726K, committed 76928K, reserved 1116160K
  class space    used 9595K, capacity 10316K, committed 10368K, reserved 1048576K
Event: 20.536 GC heap after
Heap after GC invocations=27 (full 3):
 PSYoungGen      total 273920K, used 6735K [0x00000000e0000000, 0x00000000f4f00000, 0x0000000100000000)
  eden space 252416K, 0% used [0x00000000e0000000,0x00000000e0000000,0x00000000ef680000)
  from space 21504K, 31% used [0x00000000f0f80000,0x00000000f1613e98,0x00000000f2480000)
  to   space 25600K, 0% used [0x00000000ef680000,0x00000000ef680000,0x00000000f0f80000)
 ParOldGen       total 169984K, used 57823K [0x00000000a0000000, 0x00000000aa600000, 0x00000000e0000000)
  object space 169984K, 34% used [0x00000000a0000000,0x00000000a3877e60,0x00000000aa600000)
 Metaspace       used 72919K, capacity 76726K, committed 76928K, reserved 1116160K
  class space    used 9595K, capacity 10316K, committed 10368K, reserved 1048576K
}

