# JRE version: OpenJDK Runtime Environment (8.0_152-b01) (build 1.8.0_152-release-1343-b01)
# Java VM: OpenJDK 64-Bit Server VM (25.152-b01 mixed mode windows-amd64 compressed oops)
Heap:
 PSYoungGen      total 118784K, used 93853K [0x00000000e0000000, 0x00000000e9400000, 0x0000000100000000)
  eden space 105472K, 79% used [0x00000000e0000000,0x00000000e523e688,0x00000000e6700000)
  from space 13312K, 72% used [0x00000000e6700000,0x00000000e7068fa8,0x00000000e7400000)
  to   space 13824K, 0% used [0x00000000e8680000,0x00000000e8680000,0x00000000e9400000)
 ParOldGen       total 99328K, used 25208K [0x00000000a0000000, 0x00000000a6100000, 0x00000000e0000000)
  object space 99328K, 25% used [0x00000000a0000000,0x00000000a189e128,0x00000000a6100000)
 Metaspace       used 54054K, capacity 55748K, committed 56112K, reserved 1097728K
  class space    used 7365K, capacity 7860K, committed 7984K, reserved 1048576K
GC Heap History (10 events):
Event: 3.552 GC heap before
{Heap before GC invocations=9 (full 1):
 PSYoungGen      total 70656K, used 65997K [0x00000000e0000000, 0x00000000e6380000, 0x0000000100000000)
  eden space 59392K, 100% used [0x00000000e0000000,0x00000000e3a00000,0x00000000e3a00000)
  from space 11264K, 58% used [0x00000000e3a00000,0x00000000e4073630,0x00000000e4500000)
  to   space 10752K, 0% used [0x00000000e5900000,0x00000000e5900000,0x00000000e6380000)
 ParOldGen       total 64512K, used 9941K [0x00000000a0000000, 0x00000000a3f00000, 0x00000000e0000000)
  object space 64512K, 15% used [0x00000000a0000000,0x00000000a09b5740,0x00000000a3f00000)
 Metaspace       used 30860K, capacity 31476K, committed 31664K, reserved 1077248K
  class space    used 4293K, capacity 4527K, committed 4528K, reserved 1048576K
Event: 3.562 GC heap after
Heap after GC invocations=9 (full 1):
 PSYoungGen      total 90112K, used 9903K [0x00000000e0000000, 0x00000000e7200000, 0x0000000100000000)
  eden space 79360K, 0% used [0x00000000e0000000,0x00000000e0000000,0x00000000e4d80000)
  from space 10752K, 92% used [0x00000000e5900000,0x00000000e62abeb8,0x00000000e6380000)
  to   space 11776K, 0% used [0x00000000e4d80000,0x00000000e4d80000,0x00000000e5900000)
 ParOldGen       total 64512K, used 9949K [0x00000000a0000000, 0x00000000a3f00000, 0x00000000e0000000)
  object space 64512K, 15% used [0x00000000a0000000,0x00000000a09b7740,0x00000000a3f00000)
 Metaspace       used 30860K, capacity 31476K, committed 31664K, reserved 1077248K
  class space    used 4293K, capacity 4527K, committed 4528K, reserved 1048576K
}
Event: 3.840 GC heap before
{Heap before GC invocations=10 (full 1):
 PSYoungGen      total 90112K, used 34922K [0x00000000e0000000, 0x00000000e7200000, 0x0000000100000000)
  eden space 79360K, 31% used [0x00000000e0000000,0x00000000e186ec00,0x00000000e4d80000)
  from space 10752K, 92% used [0x00000000e5900000,0x00000000e62abeb8,0x00000000e6380000)
  to   space 11776K, 0% used [0x00000000e4d80000,0x00000000e4d80000,0x00000000e5900000)
 ParOldGen       total 64512K, used 9949K [0x00000000a0000000, 0x00000000a3f00000, 0x00000000e0000000)
  object space 64512K, 15% used [0x00000000a0000000,0x00000000a09b7740,0x00000000a3f00000)
 Metaspace       used 34650K, capacity 35398K, committed 35496K, reserved 1079296K
  class space    used 4842K, capacity 5131K, committed 5168K, reserved 1048576K
Event: 3.847 GC heap after
Heap after GC invocations=10 (full 1):
 PSYoungGen      total 91136K, used 8603K [0x00000000e0000000, 0x00000000e8100000, 0x0000000100000000)
  eden space 79360K, 0% used [0x00000000e0000000,0x00000000e0000000,0x00000000e4d80000)
  from space 11776K, 73% used [0x00000000e4d80000,0x00000000e55e6f00,0x00000000e5900000)
  to   space 11776K, 0% used [0x00000000e7580000,0x00000000e7580000,0x00000000e8100000)
 ParOldGen       total 64512K, used 11837K [0x00000000a0000000, 0x00000000a3f00000, 0x00000000e0000000)
  object space 64512K, 18% used [0x00000000a0000000,0x00000000a0b8f790,0x00000000a3f00000)
 Metaspace       used 34650K, capacity 35398K, committed 35496K, reserved 1079296K
  class space    used 4842K, capacity 5131K, committed 5168K, reserved 1048576K
}
Event: 3.847 GC heap before
{Heap before GC invocations=11 (full 2):
 PSYoungGen      total 91136K, used 8603K [0x00000000e0000000, 0x00000000e8100000, 0x0000000100000000)
  eden space 79360K, 0% used [0x00000000e0000000,0x00000000e0000000,0x00000000e4d80000)
  from space 11776K, 73% used [0x00000000e4d80000,0x00000000e55e6f00,0x00000000e5900000)
  to   space 11776K, 0% used [0x00000000e7580000,0x00000000e7580000,0x00000000e8100000)
 ParOldGen       total 64512K, used 11837K [0x00000000a0000000, 0x00000000a3f00000, 0x00000000e0000000)
  object space 64512K, 18% used [0x00000000a0000000,0x00000000a0b8f790,0x00000000a3f00000)
 Metaspace       used 34650K, capacity 35398K, committed 35496K, reserved 1079296K
  class space    used 4842K, capacity 5131K, committed 5168K, reserved 1048576K
Event: 3.903 GC heap after
Heap after GC invocations=11 (full 2):
 PSYoungGen      total 91136K, used 0K [0x00000000e0000000, 0x00000000e8100000, 0x0000000100000000)
  eden space 79360K, 0% used [0x00000000e0000000,0x00000000e0000000,0x00000000e4d80000)
  from space 11776K, 0% used [0x00000000e4d80000,0x00000000e4d80000,0x00000000e5900000)
  to   space 11776K, 0% used [0x00000000e7580000,0x00000000e7580000,0x00000000e8100000)
 ParOldGen       total 99328K, used 17442K [0x00000000a0000000, 0x00000000a6100000, 0x00000000e0000000)
  object space 99328K, 17% used [0x00000000a0000000,0x00000000a11088e8,0x00000000a6100000)
 Metaspace       used 34650K, capacity 35398K, committed 35496K, reserved 1079296K
  class space    used 4842K, capacity 5131K, committed 5168K, reserved 1048576K
}
Event: 4.530 GC heap before
{Heap before GC invocations=12 (full 2):
 PSYoungGen      total 91136K, used 79360K [0x00000000e0000000, 0x00000000e8100000, 0x0000000100000000)
  eden space 79360K, 100% used [0x00000000e0000000,0x00000000e4d80000,0x00000000e4d80000)
  from space 11776K, 0% used [0x00000000e4d80000,0x00000000e4d80000,0x00000000e5900000)
  to   space 11776K, 0% used [0x00000000e7580000,0x00000000e7580000,0x00000000e8100000)
 ParOldGen       total 99328K, used 17442K [0x00000000a0000000, 0x00000000a6100000, 0x00000000e0000000)
  object space 99328K, 17% used [0x00000000a0000000,0x00000000a11088e8,0x00000000a6100000)
 Metaspace       used 41907K, capacity 42844K, committed 43184K, reserved 1087488K
  class space    used 5683K, capacity 6002K, committed 6064K, reserved 1048576K
Event: 4.541 GC heap after
Heap after GC invocations=12 (full 2):
 PSYoungGen      total 111104K, used 11750K [0x00000000e0000000, 0x00000000e8100000, 0x0000000100000000)
  eden space 99328K, 0% used [0x00000000e0000000,0x00000000e0000000,0x00000000e6100000)
  from space 11776K, 99% used [0x00000000e7580000,0x00000000e80f9938,0x00000000e8100000)
  to   space 13312K, 0% used [0x00000000e6700000,0x00000000e6700000,0x00000000e7400000)
 ParOldGen       total 99328K, used 18081K [0x00000000a0000000, 0x00000000a6100000, 0x00000000e0000000)
  object space 99328K, 18% used [0x00000000a0000000,0x00000000a11a87a0,0x00000000a6100000)
 Metaspace       used 41907K, capacity 42844K, committed 43184K, reserved 1087488K
  class space    used 5683K, capacity 6002K, committed 6064K, reserved 1048576K
}
Event: 5.423 GC heap before
{Heap before GC invocations=13 (full 2):
 PSYoungGen      total 111104K, used 111078K [0x00000000e0000000, 0x00000000e8100000, 0x0000000100000000)
  eden space 99328K, 100% used [0x00000000e0000000,0x00000000e6100000,0x00000000e6100000)
  from space 11776K, 99% used [0x00000000e7580000,0x00000000e80f9938,0x00000000e8100000)
  to   space 13312K, 0% used [0x00000000e6700000,0x00000000e6700000,0x00000000e7400000)
 ParOldGen       total 99328K, used 18081K [0x00000000a0000000, 0x00000000a6100000, 0x00000000e0000000)
  object space 99328K, 18% used [0x00000000a0000000,0x00000000a11a87a0,0x00000000a6100000)
 Metaspace       used 49087K, capacity 50200K, committed 50352K, reserved 1093632K
  class space    used 6649K, capacity 7002K, committed 7088K, reserved 1048576K
Event: 5.436 GC heap after
Heap after GC invocations=13 (full 2):
 PSYoungGen      total 118784K, used 9635K [0x00000000e0000000, 0x00000000e9400000, 0x0000000100000000)
  eden space 105472K, 0% used [0x00000000e0000000,0x00000000e0000000,0x00000000e6700000)
  from space 13312K, 72% used [0x00000000e6700000,0x00000000e7068fa8,0x00000000e7400000)
  to   space 13824K, 0% used [0x00000000e8680000,0x00000000e8680000,0x00000000e9400000)
 ParOldGen       total 99328K, used 25208K [0x00000000a0000000, 0x00000000a6100000, 0x00000000e0000000)
  object space 99328K, 25% used [0x00000000a0000000,0x00000000a189e128,0x00000000a6100000)
 Metaspace       used 49087K, capacity 50200K, committed 50352K, reserved 1093632K
  class space    used 6649K, capacity 7002K, committed 7088K, reserved 1048576K
}

