# JRE version: OpenJDK Runtime Environment (8.0_152-b01) (build 1.8.0_152-release-1343-b01)
# Java VM: OpenJDK 64-Bit Server VM (25.152-b01 mixed mode windows-amd64 compressed oops)
Heap:
 PSYoungGen      total 132096K, used 68476K [0x00000000e0000000, 0x00000000e9c80000, 0x0000000100000000)
  eden space 112128K, 61% used [0x00000000e0000000,0x00000000e42df260,0x00000000e6d80000)
  from space 19968K, 0% used [0x00000000e6d80000,0x00000000e6d80000,0x00000000e8100000)
  to   space 16384K, 0% used [0x00000000e8100000,0x00000000e8100000,0x00000000e9100000)
 ParOldGen       total 102400K, used 39661K [0x00000000a0000000, 0x00000000a6400000, 0x00000000e0000000)
  object space 102400K, 38% used [0x00000000a0000000,0x00000000a26bb598,0x00000000a6400000)
 Metaspace       used 58120K, capacity 60258K, committed 60288K, reserved 1101824K
  class space    used 7973K, capacity 8554K, committed 8576K, reserved 1048576K
GC Heap History (10 events):
Event: 4.528 GC heap before
{Heap before GC invocations=12 (full 2):
 PSYoungGen      total 86528K, used 74752K [0x00000000e0000000, 0x00000000e7b00000, 0x0000000100000000)
  eden space 74752K, 100% used [0x00000000e0000000,0x00000000e4900000,0x00000000e4900000)
  from space 11776K, 0% used [0x00000000e4900000,0x00000000e4900000,0x00000000e5480000)
  to   space 12800K, 0% used [0x00000000e6e80000,0x00000000e6e80000,0x00000000e7b00000)
 ParOldGen       total 102400K, used 17313K [0x00000000a0000000, 0x00000000a6400000, 0x00000000e0000000)
  object space 102400K, 16% used [0x00000000a0000000,0x00000000a10e8470,0x00000000a6400000)
 Metaspace       used 41838K, capacity 42774K, committed 42880K, reserved 1085440K
  class space    used 5667K, capacity 6000K, committed 6016K, reserved 1048576K
Event: 4.537 GC heap after
Heap after GC invocations=12 (full 2):
 PSYoungGen      total 104960K, used 11693K [0x00000000e0000000, 0x00000000e7a00000, 0x0000000100000000)
  eden space 93184K, 0% used [0x00000000e0000000,0x00000000e0000000,0x00000000e5b00000)
  from space 11776K, 99% used [0x00000000e6e80000,0x00000000e79eb428,0x00000000e7a00000)
  to   space 13824K, 0% used [0x00000000e5f00000,0x00000000e5f00000,0x00000000e6c80000)
 ParOldGen       total 102400K, used 17321K [0x00000000a0000000, 0x00000000a6400000, 0x00000000e0000000)
  object space 102400K, 16% used [0x00000000a0000000,0x00000000a10ea470,0x00000000a6400000)
 Metaspace       used 41838K, capacity 42774K, committed 42880K, reserved 1085440K
  class space    used 5667K, capacity 6000K, committed 6016K, reserved 1048576K
}
Event: 5.300 GC heap before
{Heap before GC invocations=13 (full 2):
 PSYoungGen      total 104960K, used 104877K [0x00000000e0000000, 0x00000000e7a00000, 0x0000000100000000)
  eden space 93184K, 100% used [0x00000000e0000000,0x00000000e5b00000,0x00000000e5b00000)
  from space 11776K, 99% used [0x00000000e6e80000,0x00000000e79eb428,0x00000000e7a00000)
  to   space 13824K, 0% used [0x00000000e5f00000,0x00000000e5f00000,0x00000000e6c80000)
 ParOldGen       total 102400K, used 17321K [0x00000000a0000000, 0x00000000a6400000, 0x00000000e0000000)
  object space 102400K, 16% used [0x00000000a0000000,0x00000000a10ea470,0x00000000a6400000)
 Metaspace       used 48125K, capacity 49254K, committed 49408K, reserved 1091584K
  class space    used 6550K, capacity 6903K, committed 6912K, reserved 1048576K
Event: 5.310 GC heap after
Heap after GC invocations=13 (full 2):
 PSYoungGen      total 111104K, used 13803K [0x00000000e0000000, 0x00000000e9100000, 0x0000000100000000)
  eden space 97280K, 0% used [0x00000000e0000000,0x00000000e0000000,0x00000000e5f00000)
  from space 13824K, 99% used [0x00000000e5f00000,0x00000000e6c7afa8,0x00000000e6c80000)
  to   space 16384K, 0% used [0x00000000e8100000,0x00000000e8100000,0x00000000e9100000)
 ParOldGen       total 102400K, used 19558K [0x00000000a0000000, 0x00000000a6400000, 0x00000000e0000000)
  object space 102400K, 19% used [0x00000000a0000000,0x00000000a1319a98,0x00000000a6400000)
 Metaspace       used 48125K, capacity 49254K, committed 49408K, reserved 1091584K
  class space    used 6550K, capacity 6903K, committed 6912K, reserved 1048576K
}
Event: 6.123 GC heap before
{Heap before GC invocations=14 (full 2):
 PSYoungGen      total 111104K, used 111083K [0x00000000e0000000, 0x00000000e9100000, 0x0000000100000000)
  eden space 97280K, 100% used [0x00000000e0000000,0x00000000e5f00000,0x00000000e5f00000)
  from space 13824K, 99% used [0x00000000e5f00000,0x00000000e6c7afa8,0x00000000e6c80000)
  to   space 16384K, 0% used [0x00000000e8100000,0x00000000e8100000,0x00000000e9100000)
 ParOldGen       total 102400K, used 19558K [0x00000000a0000000, 0x00000000a6400000, 0x00000000e0000000)
  object space 102400K, 19% used [0x00000000a0000000,0x00000000a1319a98,0x00000000a6400000)
 Metaspace       used 54130K, capacity 55818K, committed 56064K, reserved 1097728K
  class space    used 7382K, capacity 7861K, committed 7936K, reserved 1048576K
Event: 6.136 GC heap after
Heap after GC invocations=14 (full 2):
 PSYoungGen      total 128512K, used 16356K [0x00000000e0000000, 0x00000000e9c80000, 0x0000000100000000)
  eden space 112128K, 0% used [0x00000000e0000000,0x00000000e0000000,0x00000000e6d80000)
  from space 16384K, 99% used [0x00000000e8100000,0x00000000e90f93d0,0x00000000e9100000)
  to   space 19968K, 0% used [0x00000000e6d80000,0x00000000e6d80000,0x00000000e8100000)
 ParOldGen       total 102400K, used 23288K [0x00000000a0000000, 0x00000000a6400000, 0x00000000e0000000)
  object space 102400K, 22% used [0x00000000a0000000,0x00000000a16be2a8,0x00000000a6400000)
 Metaspace       used 54130K, capacity 55818K, committed 56064K, reserved 1097728K
  class space    used 7382K, capacity 7861K, committed 7936K, reserved 1048576K
}
Event: 6.717 GC heap before
{Heap before GC invocations=15 (full 2):
 PSYoungGen      total 128512K, used 96142K [0x00000000e0000000, 0x00000000e9c80000, 0x0000000100000000)
  eden space 112128K, 71% used [0x00000000e0000000,0x00000000e4dea450,0x00000000e6d80000)
  from space 16384K, 99% used [0x00000000e8100000,0x00000000e90f93d0,0x00000000e9100000)
  to   space 19968K, 0% used [0x00000000e6d80000,0x00000000e6d80000,0x00000000e8100000)
 ParOldGen       total 102400K, used 23288K [0x00000000a0000000, 0x00000000a6400000, 0x00000000e0000000)
  object space 102400K, 22% used [0x00000000a0000000,0x00000000a16be2a8,0x00000000a6400000)
 Metaspace       used 56901K, capacity 58960K, committed 59028K, reserved 1099776K
  class space    used 7845K, capacity 8423K, committed 8448K, reserved 1048576K
Event: 6.732 GC heap after
Heap after GC invocations=15 (full 2):
 PSYoungGen      total 132096K, used 19960K [0x00000000e0000000, 0x00000000e9c80000, 0x0000000100000000)
  eden space 112128K, 0% used [0x00000000e0000000,0x00000000e0000000,0x00000000e6d80000)
  from space 19968K, 99% used [0x00000000e6d80000,0x00000000e80fe098,0x00000000e8100000)
  to   space 16384K, 0% used [0x00000000e8100000,0x00000000e8100000,0x00000000e9100000)
 ParOldGen       total 102400K, used 28012K [0x00000000a0000000, 0x00000000a6400000, 0x00000000e0000000)
  object space 102400K, 27% used [0x00000000a0000000,0x00000000a1b5b308,0x00000000a6400000)
 Metaspace       used 56901K, capacity 58960K, committed 59028K, reserved 1099776K
  class space    used 7845K, capacity 8423K, committed 8448K, reserved 1048576K
}
Event: 6.732 GC heap before
{Heap before GC invocations=16 (full 3):
 PSYoungGen      total 132096K, used 19960K [0x00000000e0000000, 0x00000000e9c80000, 0x0000000100000000)
  eden space 112128K, 0% used [0x00000000e0000000,0x00000000e0000000,0x00000000e6d80000)
  from space 19968K, 99% used [0x00000000e6d80000,0x00000000e80fe098,0x00000000e8100000)
  to   space 16384K, 0% used [0x00000000e8100000,0x00000000e8100000,0x00000000e9100000)
 ParOldGen       total 102400K, used 28012K [0x00000000a0000000, 0x00000000a6400000, 0x00000000e0000000)
  object space 102400K, 27% used [0x00000000a0000000,0x00000000a1b5b308,0x00000000a6400000)
 Metaspace       used 56901K, capacity 58960K, committed 59028K, reserved 1099776K
  class space    used 7845K, capacity 8423K, committed 8448K, reserved 1048576K
Event: 6.932 GC heap after
Heap after GC invocations=16 (full 3):
 PSYoungGen      total 132096K, used 0K [0x00000000e0000000, 0x00000000e9c80000, 0x0000000100000000)
  eden space 112128K, 0% used [0x00000000e0000000,0x00000000e0000000,0x00000000e6d80000)
  from space 19968K, 0% used [0x00000000e6d80000,0x00000000e6d80000,0x00000000e8100000)
  to   space 16384K, 0% used [0x00000000e8100000,0x00000000e8100000,0x00000000e9100000)
 ParOldGen       total 102400K, used 39661K [0x00000000a0000000, 0x00000000a6400000, 0x00000000e0000000)
  object space 102400K, 38% used [0x00000000a0000000,0x00000000a26bb598,0x00000000a6400000)
 Metaspace       used 56901K, capacity 58960K, committed 59028K, reserved 1099776K
  class space    used 7845K, capacity 8423K, committed 8448K, reserved 1048576K
}

