# JRE version: OpenJDK Runtime Environment (8.0_152-b01) (build 1.8.0_152-release-1343-b01)
# Java VM: OpenJDK 64-Bit Server VM (25.152-b01 mixed mode windows-amd64 compressed oops)
Heap:
 PSYoungGen      total 119296K, used 38716K [0x00000000e0000000, 0x00000000e9980000, 0x0000000100000000)
  eden space 105472K, 23% used [0x00000000e0000000,0x00000000e1856438,0x00000000e6700000)
  from space 13824K, 99% used [0x00000000e8c00000,0x00000000e9978dc0,0x00000000e9980000)
  to   space 13312K, 0% used [0x00000000e6700000,0x00000000e6700000,0x00000000e7400000)
 ParOldGen       total 97280K, used 26014K [0x00000000a0000000, 0x00000000a5f00000, 0x00000000e0000000)
  object space 97280K, 26% used [0x00000000a0000000,0x00000000a1967898,0x00000000a5f00000)
 Metaspace       used 55477K, capacity 57178K, committed 57216K, reserved 1097728K
  class space    used 7611K, capacity 8063K, committed 8064K, reserved 1048576K
GC Heap History (10 events):
Event: 4.143 GC heap before
{Heap before GC invocations=10 (full 1):
 PSYoungGen      total 90624K, used 33470K [0x00000000e0000000, 0x00000000e7200000, 0x0000000100000000)
  eden space 79872K, 29% used [0x00000000e0000000,0x00000000e16dec68,0x00000000e4e00000)
  from space 10752K, 93% used [0x00000000e5980000,0x00000000e6350ed0,0x00000000e6400000)
  to   space 11776K, 0% used [0x00000000e4e00000,0x00000000e4e00000,0x00000000e5980000)
 ParOldGen       total 64000K, used 9944K [0x00000000a0000000, 0x00000000a3e80000, 0x00000000e0000000)
  object space 64000K, 15% used [0x00000000a0000000,0x00000000a09b6200,0x00000000a3e80000)
 Metaspace       used 34582K, capacity 35302K, committed 35416K, reserved 1079296K
  class space    used 4829K, capacity 5099K, committed 5120K, reserved 1048576K
Event: 4.150 GC heap after
Heap after GC invocations=10 (full 1):
 PSYoungGen      total 91648K, used 8412K [0x00000000e0000000, 0x00000000e8100000, 0x0000000100000000)
  eden space 79872K, 0% used [0x00000000e0000000,0x00000000e0000000,0x00000000e4e00000)
  from space 11776K, 71% used [0x00000000e4e00000,0x00000000e56373e8,0x00000000e5980000)
  to   space 11776K, 0% used [0x00000000e7580000,0x00000000e7580000,0x00000000e8100000)
 ParOldGen       total 64000K, used 11848K [0x00000000a0000000, 0x00000000a3e80000, 0x00000000e0000000)
  object space 64000K, 18% used [0x00000000a0000000,0x00000000a0b92250,0x00000000a3e80000)
 Metaspace       used 34582K, capacity 35302K, committed 35416K, reserved 1079296K
  class space    used 4829K, capacity 5099K, committed 5120K, reserved 1048576K
}
Event: 4.150 GC heap before
{Heap before GC invocations=11 (full 2):
 PSYoungGen      total 91648K, used 8412K [0x00000000e0000000, 0x00000000e8100000, 0x0000000100000000)
  eden space 79872K, 0% used [0x00000000e0000000,0x00000000e0000000,0x00000000e4e00000)
  from space 11776K, 71% used [0x00000000e4e00000,0x00000000e56373e8,0x00000000e5980000)
  to   space 11776K, 0% used [0x00000000e7580000,0x00000000e7580000,0x00000000e8100000)
 ParOldGen       total 64000K, used 11848K [0x00000000a0000000, 0x00000000a3e80000, 0x00000000e0000000)
  object space 64000K, 18% used [0x00000000a0000000,0x00000000a0b92250,0x00000000a3e80000)
 Metaspace       used 34582K, capacity 35302K, committed 35416K, reserved 1079296K
  class space    used 4829K, capacity 5099K, committed 5120K, reserved 1048576K
Event: 4.199 GC heap after
Heap after GC invocations=11 (full 2):
 PSYoungGen      total 91648K, used 0K [0x00000000e0000000, 0x00000000e8100000, 0x0000000100000000)
  eden space 79872K, 0% used [0x00000000e0000000,0x00000000e0000000,0x00000000e4e00000)
  from space 11776K, 0% used [0x00000000e4e00000,0x00000000e4e00000,0x00000000e5980000)
  to   space 11776K, 0% used [0x00000000e7580000,0x00000000e7580000,0x00000000e8100000)
 ParOldGen       total 97280K, used 17232K [0x00000000a0000000, 0x00000000a5f00000, 0x00000000e0000000)
  object space 97280K, 17% used [0x00000000a0000000,0x00000000a10d4138,0x00000000a5f00000)
 Metaspace       used 34582K, capacity 35302K, committed 35416K, reserved 1079296K
  class space    used 4829K, capacity 5099K, committed 5120K, reserved 1048576K
}
Event: 4.843 GC heap before
{Heap before GC invocations=12 (full 2):
 PSYoungGen      total 91648K, used 79872K [0x00000000e0000000, 0x00000000e8100000, 0x0000000100000000)
  eden space 79872K, 100% used [0x00000000e0000000,0x00000000e4e00000,0x00000000e4e00000)
  from space 11776K, 0% used [0x00000000e4e00000,0x00000000e4e00000,0x00000000e5980000)
  to   space 11776K, 0% used [0x00000000e7580000,0x00000000e7580000,0x00000000e8100000)
 ParOldGen       total 97280K, used 17232K [0x00000000a0000000, 0x00000000a5f00000, 0x00000000e0000000)
  object space 97280K, 17% used [0x00000000a0000000,0x00000000a10d4138,0x00000000a5f00000)
 Metaspace       used 41923K, capacity 42844K, committed 43136K, reserved 1087488K
  class space    used 5681K, capacity 6002K, committed 6016K, reserved 1048576K
Event: 4.855 GC heap after
Heap after GC invocations=12 (full 2):
 PSYoungGen      total 113664K, used 11746K [0x00000000e0000000, 0x00000000e8100000, 0x0000000100000000)
  eden space 101888K, 0% used [0x00000000e0000000,0x00000000e0000000,0x00000000e6380000)
  from space 11776K, 99% used [0x00000000e7580000,0x00000000e80f8898,0x00000000e8100000)
  to   space 13312K, 0% used [0x00000000e6700000,0x00000000e6700000,0x00000000e7400000)
 ParOldGen       total 97280K, used 17920K [0x00000000a0000000, 0x00000000a5f00000, 0x00000000e0000000)
  object space 97280K, 18% used [0x00000000a0000000,0x00000000a11800b0,0x00000000a5f00000)
 Metaspace       used 41923K, capacity 42844K, committed 43136K, reserved 1087488K
  class space    used 5681K, capacity 6002K, committed 6016K, reserved 1048576K
}
Event: 5.739 GC heap before
{Heap before GC invocations=13 (full 2):
 PSYoungGen      total 113664K, used 113634K [0x00000000e0000000, 0x00000000e8100000, 0x0000000100000000)
  eden space 101888K, 100% used [0x00000000e0000000,0x00000000e6380000,0x00000000e6380000)
  from space 11776K, 99% used [0x00000000e7580000,0x00000000e80f8898,0x00000000e8100000)
  to   space 13312K, 0% used [0x00000000e6700000,0x00000000e6700000,0x00000000e7400000)
 ParOldGen       total 97280K, used 17920K [0x00000000a0000000, 0x00000000a5f00000, 0x00000000e0000000)
  object space 97280K, 18% used [0x00000000a0000000,0x00000000a11800b0,0x00000000a5f00000)
 Metaspace       used 49113K, capacity 50196K, committed 50304K, reserved 1093632K
  class space    used 6649K, capacity 7002K, committed 7040K, reserved 1048576K
Event: 5.752 GC heap after
Heap after GC invocations=13 (full 2):
 PSYoungGen      total 118784K, used 9679K [0x00000000e0000000, 0x00000000e9980000, 0x0000000100000000)
  eden space 105472K, 0% used [0x00000000e0000000,0x00000000e0000000,0x00000000e6700000)
  from space 13312K, 72% used [0x00000000e6700000,0x00000000e7073c50,0x00000000e7400000)
  to   space 13824K, 0% used [0x00000000e8c00000,0x00000000e8c00000,0x00000000e9980000)
 ParOldGen       total 97280K, used 24991K [0x00000000a0000000, 0x00000000a5f00000, 0x00000000e0000000)
  object space 97280K, 25% used [0x00000000a0000000,0x00000000a1867ff8,0x00000000a5f00000)
 Metaspace       used 49113K, capacity 50196K, committed 50304K, reserved 1093632K
  class space    used 6649K, capacity 7002K, committed 7040K, reserved 1048576K
}
Event: 6.640 GC heap before
{Heap before GC invocations=14 (full 2):
 PSYoungGen      total 118784K, used 115151K [0x00000000e0000000, 0x00000000e9980000, 0x0000000100000000)
  eden space 105472K, 100% used [0x00000000e0000000,0x00000000e6700000,0x00000000e6700000)
  from space 13312K, 72% used [0x00000000e6700000,0x00000000e7073c50,0x00000000e7400000)
  to   space 13824K, 0% used [0x00000000e8c00000,0x00000000e8c00000,0x00000000e9980000)
 ParOldGen       total 97280K, used 24991K [0x00000000a0000000, 0x00000000a5f00000, 0x00000000e0000000)
  object space 97280K, 25% used [0x00000000a0000000,0x00000000a1867ff8,0x00000000a5f00000)
 Metaspace       used 54989K, capacity 56700K, committed 56960K, reserved 1097728K
  class space    used 7508K, capacity 7985K, committed 8064K, reserved 1048576K
Event: 6.653 GC heap after
Heap after GC invocations=14 (full 2):
 PSYoungGen      total 119296K, used 13795K [0x00000000e0000000, 0x00000000e9980000, 0x0000000100000000)
  eden space 105472K, 0% used [0x00000000e0000000,0x00000000e0000000,0x00000000e6700000)
  from space 13824K, 99% used [0x00000000e8c00000,0x00000000e9978dc0,0x00000000e9980000)
  to   space 13312K, 0% used [0x00000000e6700000,0x00000000e6700000,0x00000000e7400000)
 ParOldGen       total 97280K, used 26014K [0x00000000a0000000, 0x00000000a5f00000, 0x00000000e0000000)
  object space 97280K, 26% used [0x00000000a0000000,0x00000000a1967898,0x00000000a5f00000)
 Metaspace       used 54989K, capacity 56700K, committed 56960K, reserved 1097728K
  class space    used 7508K, capacity 7985K, committed 8064K, reserved 1048576K
}

