# JRE version: OpenJDK Runtime Environment (8.0_152-b06) (build 1.8.0_152-release-1136-b06)
# Java VM: OpenJDK 64-Bit Server VM (25.152-b06 mixed mode windows-amd64 compressed oops)
Heap:
 PSYoungGen      total 478720K, used 171235K [0x00000000e0000000, 0x00000000ffc80000, 0x0000000100000000)
  eden space 434688K, 36% used [0x00000000e0000000,0x00000000e9bea3f0,0x00000000fa880000)
  from space 44032K, 26% used [0x00000000fa880000,0x00000000fb3ceaf8,0x00000000fd380000)
  to   space 41984K, 0% used [0x00000000fd380000,0x00000000fd380000,0x00000000ffc80000)
 ParOldGen       total 219136K, used 102338K [0x00000000a0000000, 0x00000000ad600000, 0x00000000e0000000)
  object space 219136K, 46% used [0x00000000a0000000,0x00000000a63f0ab0,0x00000000ad600000)
 Metaspace       used 90770K, capacity 95462K, committed 95616K, reserved 1132544K
  class space    used 11616K, capacity 12643K, committed 12672K, reserved 1048576K
GC Heap History (10 events):
Event: 108.129 GC heap before
{Heap before GC invocations=21 (full 4):
 PSYoungGen      total 420352K, used 10868K [0x00000000e0000000, 0x00000000fff00000, 0x0000000100000000)
  eden space 372224K, 0% used [0x00000000e0000000,0x00000000e0000000,0x00000000f6b80000)
  from space 48128K, 22% used [0x00000000f6b80000,0x00000000f761d308,0x00000000f9a80000)
  to   space 47104K, 0% used [0x00000000fd100000,0x00000000fd100000,0x00000000fff00000)
 ParOldGen       total 142848K, used 119161K [0x00000000a0000000, 0x00000000a8b80000, 0x00000000e0000000)
  object space 142848K, 83% used [0x00000000a0000000,0x00000000a745e450,0x00000000a8b80000)
 Metaspace       used 78238K, capacity 81084K, committed 81280K, reserved 1120256K
  class space    used 10045K, capacity 10802K, committed 10880K, reserved 1048576K
Event: 108.288 GC heap after
Heap after GC invocations=21 (full 4):
 PSYoungGen      total 420352K, used 0K [0x00000000e0000000, 0x00000000fff00000, 0x0000000100000000)
  eden space 372224K, 0% used [0x00000000e0000000,0x00000000e0000000,0x00000000f6b80000)
  from space 48128K, 0% used [0x00000000f6b80000,0x00000000f6b80000,0x00000000f9a80000)
  to   space 47104K, 0% used [0x00000000fd100000,0x00000000fd100000,0x00000000fff00000)
 ParOldGen       total 219136K, used 83565K [0x00000000a0000000, 0x00000000ad600000, 0x00000000e0000000)
  object space 219136K, 38% used [0x00000000a0000000,0x00000000a519b560,0x00000000ad600000)
 Metaspace       used 78075K, capacity 80814K, committed 81280K, reserved 1120256K
  class space    used 10024K, capacity 10747K, committed 10880K, reserved 1048576K
}
Event: 110.109 GC heap before
{Heap before GC invocations=22 (full 4):
 PSYoungGen      total 420352K, used 372224K [0x00000000e0000000, 0x00000000fff00000, 0x0000000100000000)
  eden space 372224K, 100% used [0x00000000e0000000,0x00000000f6b80000,0x00000000f6b80000)
  from space 48128K, 0% used [0x00000000f6b80000,0x00000000f6b80000,0x00000000f9a80000)
  to   space 47104K, 0% used [0x00000000fd100000,0x00000000fd100000,0x00000000fff00000)
 ParOldGen       total 219136K, used 83565K [0x00000000a0000000, 0x00000000ad600000, 0x00000000e0000000)
  object space 219136K, 38% used [0x00000000a0000000,0x00000000a519b560,0x00000000ad600000)
 Metaspace       used 87147K, capacity 91308K, committed 91648K, reserved 1128448K
  class space    used 11235K, capacity 12172K, committed 12288K, reserved 1048576K
Event: 110.124 GC heap after
Heap after GC invocations=22 (full 4):
 PSYoungGen      total 471040K, used 18076K [0x00000000e0000000, 0x00000000ffa00000, 0x0000000100000000)
  eden space 429056K, 0% used [0x00000000e0000000,0x00000000e0000000,0x00000000fa300000)
  from space 41984K, 43% used [0x00000000fd100000,0x00000000fe2a7398,0x00000000ffa00000)
  to   space 44544K, 0% used [0x00000000fa300000,0x00000000fa300000,0x00000000fce80000)
 ParOldGen       total 219136K, used 83573K [0x00000000a0000000, 0x00000000ad600000, 0x00000000e0000000)
  object space 219136K, 38% used [0x00000000a0000000,0x00000000a519d560,0x00000000ad600000)
 Metaspace       used 87147K, capacity 91308K, committed 91648K, reserved 1128448K
  class space    used 11235K, capacity 12172K, committed 12288K, reserved 1048576K
}
Event: 111.212 GC heap before
{Heap before GC invocations=23 (full 4):
 PSYoungGen      total 471040K, used 447132K [0x00000000e0000000, 0x00000000ffa00000, 0x0000000100000000)
  eden space 429056K, 100% used [0x00000000e0000000,0x00000000fa300000,0x00000000fa300000)
  from space 41984K, 43% used [0x00000000fd100000,0x00000000fe2a7398,0x00000000ffa00000)
  to   space 44544K, 0% used [0x00000000fa300000,0x00000000fa300000,0x00000000fce80000)
 ParOldGen       total 219136K, used 83573K [0x00000000a0000000, 0x00000000ad600000, 0x00000000e0000000)
  object space 219136K, 38% used [0x00000000a0000000,0x00000000a519d560,0x00000000ad600000)
 Metaspace       used 87574K, capacity 91772K, committed 91904K, reserved 1128448K
  class space    used 11266K, capacity 12206K, committed 12288K, reserved 1048576K
Event: 111.223 GC heap after
Heap after GC invocations=23 (full 4):
 PSYoungGen      total 473600K, used 2821K [0x00000000e0000000, 0x0000000100000000, 0x0000000100000000)
  eden space 429056K, 0% used [0x00000000e0000000,0x00000000e0000000,0x00000000fa300000)
  from space 44544K, 6% used [0x00000000fa300000,0x00000000fa5c16d0,0x00000000fce80000)
  to   space 45056K, 0% used [0x00000000fd400000,0x00000000fd400000,0x0000000100000000)
 ParOldGen       total 219136K, used 93326K [0x00000000a0000000, 0x00000000ad600000, 0x00000000e0000000)
  object space 219136K, 42% used [0x00000000a0000000,0x00000000a5b23ab8,0x00000000ad600000)
 Metaspace       used 87574K, capacity 91772K, committed 91904K, reserved 1128448K
  class space    used 11266K, capacity 12206K, committed 12288K, reserved 1048576K
}
Event: 112.395 GC heap before
{Heap before GC invocations=24 (full 4):
 PSYoungGen      total 473600K, used 431877K [0x00000000e0000000, 0x0000000100000000, 0x0000000100000000)
  eden space 429056K, 100% used [0x00000000e0000000,0x00000000fa300000,0x00000000fa300000)
  from space 44544K, 6% used [0x00000000fa300000,0x00000000fa5c16d0,0x00000000fce80000)
  to   space 45056K, 0% used [0x00000000fd400000,0x00000000fd400000,0x0000000100000000)
 ParOldGen       total 219136K, used 93326K [0x00000000a0000000, 0x00000000ad600000, 0x00000000e0000000)
  object space 219136K, 42% used [0x00000000a0000000,0x00000000a5b23ab8,0x00000000ad600000)
 Metaspace       used 87632K, capacity 91836K, committed 92160K, reserved 1128448K
  class space    used 11267K, capacity 12206K, committed 12288K, reserved 1048576K
Event: 112.404 GC heap after
Heap after GC invocations=24 (full 4):
 PSYoungGen      total 478208K, used 9501K [0x00000000e0000000, 0x00000000ffe80000, 0x0000000100000000)
  eden space 434688K, 0% used [0x00000000e0000000,0x00000000e0000000,0x00000000fa880000)
  from space 43520K, 21% used [0x00000000fd400000,0x00000000fdd47458,0x00000000ffe80000)
  to   space 44032K, 0% used [0x00000000fa880000,0x00000000fa880000,0x00000000fd380000)
 ParOldGen       total 219136K, used 95883K [0x00000000a0000000, 0x00000000ad600000, 0x00000000e0000000)
  object space 219136K, 43% used [0x00000000a0000000,0x00000000a5da2c80,0x00000000ad600000)
 Metaspace       used 87632K, capacity 91836K, committed 92160K, reserved 1128448K
  class space    used 11267K, capacity 12206K, committed 12288K, reserved 1048576K
}
Event: 573.164 GC heap before
{Heap before GC invocations=25 (full 4):
 PSYoungGen      total 478208K, used 444189K [0x00000000e0000000, 0x00000000ffe80000, 0x0000000100000000)
  eden space 434688K, 100% used [0x00000000e0000000,0x00000000fa880000,0x00000000fa880000)
  from space 43520K, 21% used [0x00000000fd400000,0x00000000fdd47458,0x00000000ffe80000)
  to   space 44032K, 0% used [0x00000000fa880000,0x00000000fa880000,0x00000000fd380000)
 ParOldGen       total 219136K, used 95883K [0x00000000a0000000, 0x00000000ad600000, 0x00000000e0000000)
  object space 219136K, 43% used [0x00000000a0000000,0x00000000a5da2c80,0x00000000ad600000)
 Metaspace       used 90457K, capacity 95056K, committed 95360K, reserved 1132544K
  class space    used 11601K, capacity 12618K, committed 12672K, reserved 1048576K
Event: 573.177 GC heap after
Heap after GC invocations=25 (full 4):
 PSYoungGen      total 478720K, used 11578K [0x00000000e0000000, 0x00000000ffc80000, 0x0000000100000000)
  eden space 434688K, 0% used [0x00000000e0000000,0x00000000e0000000,0x00000000fa880000)
  from space 44032K, 26% used [0x00000000fa880000,0x00000000fb3ceaf8,0x00000000fd380000)
  to   space 41984K, 0% used [0x00000000fd380000,0x00000000fd380000,0x00000000ffc80000)
 ParOldGen       total 219136K, used 102338K [0x00000000a0000000, 0x00000000ad600000, 0x00000000e0000000)
  object space 219136K, 46% used [0x00000000a0000000,0x00000000a63f0ab0,0x00000000ad600000)
 Metaspace       used 90457K, capacity 95056K, committed 95360K, reserved 1132544K
  class space    used 11601K, capacity 12618K, committed 12672K, reserved 1048576K
}

