# JRE version: OpenJDK Runtime Environment (8.0_152-b06) (build 1.8.0_152-release-1136-b06)
# Java VM: OpenJDK 64-Bit Server VM (25.152-b06 mixed mode windows-amd64 compressed oops)
Heap:
 PSYoungGen      total 104960K, used 54908K [0x00000000e0000000, 0x00000000e7480000, 0x0000000100000000)
  eden space 92672K, 45% used [0x00000000e0000000,0x00000000e299fd18,0x00000000e5a80000)
  from space 12288K, 99% used [0x00000000e5a80000,0x00000000e667f320,0x00000000e6680000)
  to   space 12800K, 0% used [0x00000000e6680000,0x00000000e6680000,0x00000000e7300000)
 ParOldGen       total 100864K, used 21504K [0x00000000a0000000, 0x00000000a6280000, 0x00000000e0000000)
  object space 100864K, 21% used [0x00000000a0000000,0x00000000a15000f0,0x00000000a6280000)
 Metaspace       used 49289K, capacity 50574K, committed 50688K, reserved 1093632K
  class space    used 6633K, capacity 7055K, committed 7168K, reserved 1048576K
GC Heap History (10 events):
Event: 6.824 GC heap before
{Heap before GC invocations=9 (full 1):
 PSYoungGen      total 69632K, used 65220K [0x00000000e0000000, 0x00000000e5c00000, 0x0000000100000000)
  eden space 58880K, 100% used [0x00000000e0000000,0x00000000e3980000,0x00000000e3980000)
  from space 10752K, 58% used [0x00000000e3980000,0x00000000e3fb1020,0x00000000e4400000)
  to   space 9728K, 0% used [0x00000000e5280000,0x00000000e5280000,0x00000000e5c00000)
 ParOldGen       total 64000K, used 8593K [0x00000000a0000000, 0x00000000a3e80000, 0x00000000e0000000)
  object space 64000K, 13% used [0x00000000a0000000,0x00000000a0864680,0x00000000a3e80000)
 Metaspace       used 30598K, capacity 31388K, committed 31488K, reserved 1077248K
  class space    used 4292K, capacity 4549K, committed 4608K, reserved 1048576K
Event: 6.837 GC heap after
Heap after GC invocations=9 (full 1):
 PSYoungGen      total 82944K, used 9703K [0x00000000e0000000, 0x00000000e6b80000, 0x0000000100000000)
  eden space 73216K, 0% used [0x00000000e0000000,0x00000000e0000000,0x00000000e4780000)
  from space 9728K, 99% used [0x00000000e5280000,0x00000000e5bf9d18,0x00000000e5c00000)
  to   space 11264K, 0% used [0x00000000e4780000,0x00000000e4780000,0x00000000e5280000)
 ParOldGen       total 64000K, used 8870K [0x00000000a0000000, 0x00000000a3e80000, 0x00000000e0000000)
  object space 64000K, 13% used [0x00000000a0000000,0x00000000a08a98e8,0x00000000a3e80000)
 Metaspace       used 30598K, capacity 31388K, committed 31488K, reserved 1077248K
  class space    used 4292K, capacity 4549K, committed 4608K, reserved 1048576K
}
Event: 10.389 GC heap before
{Heap before GC invocations=10 (full 1):
 PSYoungGen      total 82944K, used 58221K [0x00000000e0000000, 0x00000000e6b80000, 0x0000000100000000)
  eden space 73216K, 66% used [0x00000000e0000000,0x00000000e2f619c8,0x00000000e4780000)
  from space 9728K, 99% used [0x00000000e5280000,0x00000000e5bf9d18,0x00000000e5c00000)
  to   space 11264K, 0% used [0x00000000e4780000,0x00000000e4780000,0x00000000e5280000)
 ParOldGen       total 64000K, used 8870K [0x00000000a0000000, 0x00000000a3e80000, 0x00000000e0000000)
  object space 64000K, 13% used [0x00000000a0000000,0x00000000a08a98e8,0x00000000a3e80000)
 Metaspace       used 34443K, capacity 35346K, committed 35416K, reserved 1079296K
  class space    used 4723K, capacity 5052K, committed 5120K, reserved 1048576K
Event: 10.396 GC heap after
Heap after GC invocations=10 (full 1):
 PSYoungGen      total 84480K, used 11263K [0x00000000e0000000, 0x00000000e7300000, 0x0000000100000000)
  eden space 73216K, 0% used [0x00000000e0000000,0x00000000e0000000,0x00000000e4780000)
  from space 11264K, 99% used [0x00000000e4780000,0x00000000e527fe10,0x00000000e5280000)
  to   space 12800K, 0% used [0x00000000e6680000,0x00000000e6680000,0x00000000e7300000)
 ParOldGen       total 64000K, used 9674K [0x00000000a0000000, 0x00000000a3e80000, 0x00000000e0000000)
  object space 64000K, 15% used [0x00000000a0000000,0x00000000a09729e0,0x00000000a3e80000)
 Metaspace       used 34443K, capacity 35346K, committed 35416K, reserved 1079296K
  class space    used 4723K, capacity 5052K, committed 5120K, reserved 1048576K
}
Event: 10.396 GC heap before
{Heap before GC invocations=11 (full 2):
 PSYoungGen      total 84480K, used 11263K [0x00000000e0000000, 0x00000000e7300000, 0x0000000100000000)
  eden space 73216K, 0% used [0x00000000e0000000,0x00000000e0000000,0x00000000e4780000)
  from space 11264K, 99% used [0x00000000e4780000,0x00000000e527fe10,0x00000000e5280000)
  to   space 12800K, 0% used [0x00000000e6680000,0x00000000e6680000,0x00000000e7300000)
 ParOldGen       total 64000K, used 9674K [0x00000000a0000000, 0x00000000a3e80000, 0x00000000e0000000)
  object space 64000K, 15% used [0x00000000a0000000,0x00000000a09729e0,0x00000000a3e80000)
 Metaspace       used 34443K, capacity 35346K, committed 35416K, reserved 1079296K
  class space    used 4723K, capacity 5052K, committed 5120K, reserved 1048576K
Event: 10.452 GC heap after
Heap after GC invocations=11 (full 2):
 PSYoungGen      total 84480K, used 0K [0x00000000e0000000, 0x00000000e7300000, 0x0000000100000000)
  eden space 73216K, 0% used [0x00000000e0000000,0x00000000e0000000,0x00000000e4780000)
  from space 11264K, 0% used [0x00000000e4780000,0x00000000e4780000,0x00000000e5280000)
  to   space 12800K, 0% used [0x00000000e6680000,0x00000000e6680000,0x00000000e7300000)
 ParOldGen       total 100864K, used 18612K [0x00000000a0000000, 0x00000000a6280000, 0x00000000e0000000)
  object space 100864K, 18% used [0x00000000a0000000,0x00000000a122d1a0,0x00000000a6280000)
 Metaspace       used 34374K, capacity 35226K, committed 35416K, reserved 1079296K
  class space    used 4705K, capacity 5012K, committed 5120K, reserved 1048576K
}
Event: 11.156 GC heap before
{Heap before GC invocations=12 (full 2):
 PSYoungGen      total 84480K, used 73216K [0x00000000e0000000, 0x00000000e7300000, 0x0000000100000000)
  eden space 73216K, 100% used [0x00000000e0000000,0x00000000e4780000,0x00000000e4780000)
  from space 11264K, 0% used [0x00000000e4780000,0x00000000e4780000,0x00000000e5280000)
  to   space 12800K, 0% used [0x00000000e6680000,0x00000000e6680000,0x00000000e7300000)
 ParOldGen       total 100864K, used 18612K [0x00000000a0000000, 0x00000000a6280000, 0x00000000e0000000)
  object space 100864K, 18% used [0x00000000a0000000,0x00000000a122d1a0,0x00000000a6280000)
 Metaspace       used 41287K, capacity 42346K, committed 42624K, reserved 1085440K
  class space    used 5561K, capacity 5920K, committed 6016K, reserved 1048576K
Event: 11.164 GC heap after
Heap after GC invocations=12 (full 2):
 PSYoungGen      total 105472K, used 7138K [0x00000000e0000000, 0x00000000e7480000, 0x0000000100000000)
  eden space 92672K, 0% used [0x00000000e0000000,0x00000000e0000000,0x00000000e5a80000)
  from space 12800K, 55% used [0x00000000e6680000,0x00000000e6d78970,0x00000000e7300000)
  to   space 12288K, 0% used [0x00000000e5a80000,0x00000000e5a80000,0x00000000e6680000)
 ParOldGen       total 100864K, used 18620K [0x00000000a0000000, 0x00000000a6280000, 0x00000000e0000000)
  object space 100864K, 18% used [0x00000000a0000000,0x00000000a122f1a0,0x00000000a6280000)
 Metaspace       used 41287K, capacity 42346K, committed 42624K, reserved 1085440K
  class space    used 5561K, capacity 5920K, committed 6016K, reserved 1048576K
}
Event: 12.267 GC heap before
{Heap before GC invocations=13 (full 2):
 PSYoungGen      total 105472K, used 99810K [0x00000000e0000000, 0x00000000e7480000, 0x0000000100000000)
  eden space 92672K, 100% used [0x00000000e0000000,0x00000000e5a80000,0x00000000e5a80000)
  from space 12800K, 55% used [0x00000000e6680000,0x00000000e6d78970,0x00000000e7300000)
  to   space 12288K, 0% used [0x00000000e5a80000,0x00000000e5a80000,0x00000000e6680000)
 ParOldGen       total 100864K, used 18620K [0x00000000a0000000, 0x00000000a6280000, 0x00000000e0000000)
  object space 100864K, 18% used [0x00000000a0000000,0x00000000a122f1a0,0x00000000a6280000)
 Metaspace       used 46037K, capacity 47264K, committed 47488K, reserved 1089536K
  class space    used 6140K, capacity 6522K, committed 6528K, reserved 1048576K
Event: 12.286 GC heap after
Heap after GC invocations=13 (full 2):
 PSYoungGen      total 104960K, used 12284K [0x00000000e0000000, 0x00000000e7480000, 0x0000000100000000)
  eden space 92672K, 0% used [0x00000000e0000000,0x00000000e0000000,0x00000000e5a80000)
  from space 12288K, 99% used [0x00000000e5a80000,0x00000000e667f320,0x00000000e6680000)
  to   space 12800K, 0% used [0x00000000e6680000,0x00000000e6680000,0x00000000e7300000)
 ParOldGen       total 100864K, used 21504K [0x00000000a0000000, 0x00000000a6280000, 0x00000000e0000000)
  object space 100864K, 21% used [0x00000000a0000000,0x00000000a15000f0,0x00000000a6280000)
 Metaspace       used 46037K, capacity 47264K, committed 47488K, reserved 1089536K
  class space    used 6140K, capacity 6522K, committed 6528K, reserved 1048576K
}

